#
# A fatal error has been detected by the Java Runtime Environment:
#
#  EXCEPTION_ACCESS_VIOLATION (0xc0000005) at pc=0x000001f3f05b4d88, pid=10668, tid=24184
#
# JRE version: Java(TM) SE Runtime Environment (22.0.2+9) (build 22.0.2+9-70)
# Java VM: Java HotSpot(TM) 64-Bit Server VM (22.0.2+9-70, mixed mode, sharing, tiered, compressed oops, compressed class ptrs, g1 gc, windows-amd64)
# Problematic frame:
# j  java.lang.invoke.DirectMethodHandle$Holder.newInvokeSpecial(Ljava/lang/Object;)Ljava/lang/Object;+15 java.base@22.0.2
#
# No core dump will be written. Minidumps are not enabled by default on client versions of Windows
#
# If you would like to submit a bug report, please visit:
#   https://bugreport.java.com/bugreport/crash.jsp
#

---------------  S U M M A R Y ------------

Command Line: -XX:+ShowCodeDetailsInExceptionMessages -agentlib:jdwp=transport=dt_socket,suspend=y,address=localhost:59446 -javaagent:C:\Users\Nurlaela Ramadhani\eclipse\java-2024-092\eclipse\configuration\org.eclipse.osgi\251\0\.cp\lib\javaagent-shaded.jar -Dfile.encoding=UTF-8 -Dstdout.encoding=UTF-8 -Dstderr.encoding=UTF-8 com.boostmytool.beststore.BeststoreApplication

Host: 12th Gen Intel(R) Core(TM) i3-1215U, 8 cores, 7G,  Windows 11 , 64 bit Build 22621 (10.0.22621.4391)
Time: Tue Dec 17 17:44:16 2024 Tokyo Standard Time elapsed time: 215.697499 seconds (0d 0h 3m 35s)

---------------  T H R E A D  ---------------

Current thread (0x000001f3c5ec5840):  JavaThread "restartedMain"        [_thread_in_Java, id=24184, stack(0x000000cd9a400000,0x000000cd9a500000) (1024K)]

Stack: [0x000000cd9a400000,0x000000cd9a500000],  sp=0x000000cd9a4fd820,  free space=1014k
Native frames: (J=compiled Java code, j=interpreted, Vv=VM code, C=native code)
C  0x000001f3f05b4d88  (no source info available)

The last pc belongs to invokestatic (printed below).

siginfo: EXCEPTION_ACCESS_VIOLATION (0xc0000005), reading address 0xffffffffffffffff


Registers:
RAX=0x000001f3c17fabb8, RBX=0x000001f3c1022c30, RCX=0x000001f380095610, RDX=0x0000000000000002
RSP=0x000000cd9a4fd820, RBP=0x000000cd9a4fd878, RSI=0x000001f3caab9658, RDI=0x000001f3c874f860
R8 =0x0000000000000004, R9 =0x0000000000000004, R10=0x00007ff8de6ec840, R11=0x000001f380099908
R12=0x0000000000000000, R13=0xfffffffffffffff7, R14=0x000000cd9a4fd898, R15=0x000001f3c5ec5840
RIP=0x000001f3f05b4d88, EFLAGS=0x0000000000010282


Register to memory mapping:

RAX=0x000001f3c17fabb8 is pointing into metadata
RBX={method} {0x000001f3c1022c38} 'linkToSpecial' '(Ljava/lang/Object;Ljava/lang/invoke/MemberName;)V' in 'java/lang/invoke/MethodHandle'
RCX=0x000001f380095610 is pointing into metadata
RDX=0x0000000000000002 is an unknown value
RSP=0x000000cd9a4fd820 is pointing into the stack for thread: 0x000001f3c5ec5840
RBP=0x000000cd9a4fd878 is pointing into the stack for thread: 0x000001f3c5ec5840
RSI=0x000001f3caab9658 points into unknown readable memory: 0x88002bf8ffc18785 | 85 87 c1 ff f8 2b 00 88
RDI=0x000001f3c874f860 points into unknown readable memory: 0x0000001800000070 | 70 00 00 00 18 00 00 00
R8 =0x0000000000000004 is an unknown value
R9 =0x0000000000000004 is an unknown value
R10=0x00007ff8de6ec840 jvm.dll
R11={method} {0x000001f380099910} 'newInvokeSpecial' '(Ljava/lang/Object;)Ljava/lang/Object;' in 'java/lang/invoke/DirectMethodHandle$Holder'
R12=0x0 is null
R13=0xfffffffffffffff7 is an unknown value
R14=0x000000cd9a4fd898 is pointing into the stack for thread: 0x000001f3c5ec5840
R15=0x000001f3c5ec5840 is a thread

Top of Stack: (sp=0x000000cd9a4fd820)
0x000000cd9a4fd820:   000001f3f0599214 0000000086ee29c0
0x000000cd9a4fd830:   fffffffffffffff7 000001f3806efd47
0x000000cd9a4fd840:   0000000000000004 000001f3800950d0
0x000000cd9a4fd850:   000001f3c17fabb0 00000000850ec6b0
0x000000cd9a4fd860:   000001f380099908 0000000000000000
0x000000cd9a4fd870:   000000cd9a4fd8a0 000000cd9a4fdb80
0x000000cd9a4fd880:   000001f3e94c90da 0000000086ee2918
0x000000cd9a4fd890:   0000000086ee29c0 0000000086ee2978
0x000000cd9a4fd8a0:   0000000000000003 000001f380157d40
0x000000cd9a4fd8b0:   000001f3c3552160 0000000085098cf8
0x000000cd9a4fd8c0:   000001f380158d70 0000000000000000
0x000000cd9a4fd8d0:   000000cd9a4fd900 000000cd9a4fdb80
0x000000cd9a4fd8e0:   000001f3e90a0dfc 0000000086ee2978
0x000000cd9a4fd8f0:   000000008661d588 000001f3e90a0dfc
0x000000cd9a4fd900:   000001f3c5ec5840 000001f3c21c56d0
0x000000cd9a4fd910:   000000cd9a4fda20 00007ff8dde4d1fd
0x000000cd9a4fd920:   000001f3803fbfe8 00000000000000b6
0x000000cd9a4fd930:   00000000000003d8 000001f3c51e4b98
0x000000cd9a4fd940:   0000010000000000 0000000001000000
0x000000cd9a4fd950:   0000000000000000 0000000086ee29a8
0x000000cd9a4fd960:   0000000000000000 000000008661d588
0x000000cd9a4fd970:   000000cd9a4fdc08 00000000872330b0
0x000000cd9a4fd980:   0000000000000008 0000000086ee29a8
0x000000cd9a4fd990:   000000cd9a4fdb80 000001f3e98d1652
0x000000cd9a4fd9a0:   000000008661d588 0000000000000001
0x000000cd9a4fd9b0:   000001f3c404fc90 0000000086ee2978
0x000000cd9a4fd9c0:   000001f3c5a9bd70 0000000000000001
0x000000cd9a4fd9d0:   000001f3c40c5688 00007ff8ddc94f7c
0x000000cd9a4fd9e0:   000001f3c533bdd0 000001f3c51fff70
0x000000cd9a4fd9f0:   00000000872330b0 0000000000000000
0x000000cd9a4fda00:   000000008661d588 0000000086ee29a8
0x000000cd9a4fda10:   000000cd9a4fdac0 000001f3c5208ff0 

Instructions: (pc=0x000001f3f05b4d88)
0x000001f3f05b4c88:   ff d0 48 83 c4 20 ff e0 49 83 7f 08 00 0f 84 05
0x000001f3f05b4c98:   00 00 00 e9 60 c2 fd ff 4c 8b 6d c0 4c 8b 75 c8
0x000001f3f05b4ca8:   4e 8d 74 f5 00 c3 48 8b 4d d0 41 0f b7 55 01 48
0x000001f3f05b4cb8:   8b 49 30 6b d2 18 48 8d 4c 11 08 48 8b 19 48 8b
0x000001f3f05b4cc8:   5b 08 48 8b 5b 08 48 8b 5b 18 80 bb 20 01 00 00
0x000001f3f05b4cd8:   05 0f 84 0d 00 00 00 4c 3b bb 30 01 00 00 0f 85
0x000001f3f05b4ce8:   63 fe ff ff 0f b6 51 15 48 8b 19 4c 89 6d c0 44
0x000001f3f05b4cf8:   8b ea 0f b6 51 14 49 ba 40 c8 6e de f8 7f 00 00
0x000001f3f05b4d08:   49 8b 14 d2 52 41 8b d5 4c 8b 6d c0 48 8b 45 d8
0x000001f3f05b4d18:   48 85 c0 0f 84 12 00 00 00 48 83 40 08 01 48 83
0x000001f3f05b4d28:   58 08 00 48 83 c0 10 48 89 45 d8 48 8b 45 d8 48
0x000001f3f05b4d38:   85 c0 0f 84 3d 01 00 00 80 78 f0 0a 0f 85 33 01
0x000001f3f05b4d48:   00 00 48 83 c0 08 4c 8b 68 f8 41 83 ed 00 41 83
0x000001f3f05b4d58:   fd 02 0f 8c 12 01 00 00 4c 8b 6b 08 45 0f b7 6d
0x000001f3f05b4d68:   2e 4c 2b 28 41 83 ed 01 4e 8b 6c ec 08 4d 85 ed
0x000001f3f05b4d78:   75 0e f6 40 08 01 75 58 f0 48 83 48 08 01 eb 50
0x000001f3f05b4d88:   45 8b 6d 08 49 ba 00 00 00 80 f3 01 00 00 4d 03
0x000001f3f05b4d98:   ea 4d 8b d5 4c 33 68 08 49 f7 c5 fc ff ff ff 74
0x000001f3f05b4da8:   2f 41 f6 c5 02 75 29 48 83 78 08 00 74 1e 48 83
0x000001f3f05b4db8:   78 08 01 74 17 4d 8b ea 4c 33 68 08 49 f7 c5 fc
0x000001f3f05b4dc8:   ff ff ff 74 0b 48 83 48 08 02 eb 04 4c 89 68 08
0x000001f3f05b4dd8:   48 83 c0 10 4c 8b 68 e8 41 83 ed 02 41 83 fd 02
0x000001f3f05b4de8:   0f 8c 84 00 00 00 4c 8b 6b 08 45 0f b7 6d 2e 4c
0x000001f3f05b4df8:   2b 28 41 83 ed 01 4e 8b 6c ec 08 4d 85 ed 75 0e
0x000001f3f05b4e08:   f6 40 08 01 75 58 f0 48 83 48 08 01 eb 50 45 8b
0x000001f3f05b4e18:   6d 08 49 ba 00 00 00 80 f3 01 00 00 4d 03 ea 4d
0x000001f3f05b4e28:   8b d5 4c 33 68 08 49 f7 c5 fc ff ff ff 74 2f 41
0x000001f3f05b4e38:   f6 c5 02 75 29 48 83 78 08 00 74 1e 48 83 78 08
0x000001f3f05b4e48:   01 74 17 4d 8b ea 4c 33 68 08 49 f7 c5 fc ff ff
0x000001f3f05b4e58:   ff 74 0b 48 83 48 08 02 eb 04 4c 89 68 08 48 83
0x000001f3f05b4e68:   c0 10 4c 8b 68 d8 41 83 ed 04 41 c1 e5 03 49 03
0x000001f3f05b4e78:   c5 48 89 45 d8 4c 8d 6c 24 08 49 8b cd 48 2b cd 


Stack slot to memory mapping:

stack at sp + 0 slots: 0x000001f3f0599214 is at code_begin+3476 in an Interpreter codelet
return entry points  [0x000001f3f0598480, 0x000001f3f059a680]  8704 bytes
stack at sp + 1 slots: 0x0000000086ee29c0 is an oop: com.boostmytool.beststore.models.Product 
{0x0000000086ee29c0} - klass: 'com/boostmytool/beststore/models/Product'
 - ---- fields (total size 6 words):
 - private 'id' 'I' @12  0 (0x00000000)
 - private 'name' 'Ljava/lang/String;' @16  null (0x00000000)
 - private 'brand' 'Ljava/lang/String;' @20  null (0x00000000)
 - private 'category' 'Ljava/lang/String;' @24  null (0x00000000)
 - private 'price' 'Ljava/lang/String;' @28  null (0x00000000)
 - private 'description' 'Ljava/lang/String;' @32  null (0x00000000)
 - private 'createdAt' 'Ljava/util/Date;' @36  null (0x00000000)
 - private 'imageFileName' 'Ljava/lang/String;' @40  null (0x00000000)
stack at sp + 2 slots: 0xfffffffffffffff7 is an unknown value
stack at sp + 3 slots: 0x000001f3806efd47 is pointing into metadata
stack at sp + 4 slots: 0x0000000000000004 is an unknown value
stack at sp + 5 slots: 0x000001f3800950d0 is pointing into metadata
stack at sp + 6 slots: 0x000001f3c17fabb0 is pointing into metadata
stack at sp + 7 slots: 0x00000000850ec6b0 is an oop: java.lang.Class 
{0x00000000850ec6b0} - klass: 'java/lang/Class'
 - ---- fields (total size 14 words):
 - private volatile transient 'classRedefinedCount' 'I' @12  0 (0x00000000)
 - injected 'klass' 'J' @16  2145336773784 (0x000001f380094c98)
 - injected 'array_klass' 'J' @24  0 (0x0000000000000000)
 - injected 'oop_size' 'I' @32  14 (0x0000000e)
 - injected 'static_oop_field_count' 'I' @36  0 (0x00000000)
 - private volatile transient 'cachedConstructor' 'Ljava/lang/reflect/Constructor;' @40  null (0x00000000)
 - private transient 'name' 'Ljava/lang/String;' @44  null (0x00000000)
 - private transient 'module' 'Ljava/lang/Module;' @48  a 'java/lang/Module'{0x00000000850b0880} (0x850b0880)
 - private final 'classLoader' 'Ljava/lang/ClassLoader;' @52  null (0x00000000)
 - private transient 'classData' 'Ljava/lang/Object;' @56  null (0x00000000)
 - private transient 'packageName' 'Ljava/lang/String;' @60  null (0x00000000)
 - private final 'componentType' 'Ljava/lang/Class;' @64  null (0x00000000)
 - private volatile transient 'reflectionData' 'Ljava/lang/ref/SoftReference;' @68  null (0x00000000)
 - private volatile transient 'genericInfo' 'Lsun/reflect/generics/repository/ClassRepository;' @72  null (0x00000000)
 - private volatile transient 'enumConstants' '[Ljava/lang/Object;' @76  null (0x00000000)
 - private volatile transient 'enumConstantDirectory' 'Ljava/util/Map;' @80  null (0x00000000)
 - private volatile transient 'annotationData' 'Ljava/lang/Class$AnnotationData;' @84  null (0x00000000)
 - private volatile transient 'annotationType' 'Lsun/reflect/annotation/AnnotationType;' @88  null (0x00000000)
 - transient 'classValueMap' 'Ljava/lang/ClassValue$ClassValueMap;' @92  null (0x00000000)
 - injected 'protection_domain' 'Ljava/lang/Object;' @96  null (0x00000000)
 - injected 'signers_name' 'Ljava/lang/Object;' @100  null (0x00000000)
 - injected 'source_file' 'Ljava/lang/Object;' @104  null (0x00000000)
 - signature: Ljava/lang/invoke/DirectMethodHandle$Holder;
 - ---- static fields (0):

invokestatic  184 invokestatic  [0x000001f3f05b4b00, 0x000001f3f05b4ea0]  928 bytes
[MachCode]
  0x000001f3f05b4b00: 4883 ec08 | c5fa 1104 | 24eb 1f48 | 83ec 10c5 | fb11 0424 | eb14 4883 | ec10 4889 | 0424 48c7 
  0x000001f3f05b4b20: 4424 0800 | 0000 00eb | 0150 488b | 4dd0 410f | b755 0148 | 8b49 306b | d218 488d | 4c11 080f 
  0x000001f3f05b4b40: b659 1681 | fbb8 0000 | 000f 8474 | 0100 00bb | b800 0000 | e805 0000 | 00e9 5001 | 0000 488b 
  0x000001f3f05b4b60: d348 8d44 | 2408 4c89 | 6dc0 498b | cfc5 f877 | 4989 afb0 | 0300 0049 | 8987 a003 | 0000 4883 
  0x000001f3f05b4b80: ec20 40f6 | c40f 0f84 | 1900 0000 | 4883 ec08 | 48b8 90d1 | e4dd f87f | 0000 ffd0 | 4883 c408 
  0x000001f3f05b4ba0: e90c 0000 | 0048 b890 | d1e4 ddf8 | 7f00 00ff | d048 83c4 | 2049 c787 | a003 0000 | 0000 0000 
  0x000001f3f05b4bc0: 49c7 87b0 | 0300 0000 | 0000 0049 | c787 a803 | 0000 0000 | 0000 c5f8 | 7741 8b8f | 3405 0000 
  0x000001f3f05b4be0: f6c1 010f | 8442 0000 | 00f6 c102 | 0f85 3900 | 0000 4883 | ec20 40f6 | c40f 0f84 | 1900 0000 
  0x000001f3f05b4c00: 4883 ec08 | 48b8 c07b | e4dd f87f | 0000 ffd0 | 4883 c408 | e90c 0000 | 0048 b8c0 | 7be4 ddf8 
  0x000001f3f05b4c20: 7f00 00ff | d048 83c4 | 20ff e049 | 8b8f e005 | 0000 4885 | c90f 8455 | 0000 008b | 899c 0000 
  0x000001f3f05b4c40: 0083 f901 | 0f85 4600 | 0000 498b | 8fe0 0500 | 008b 89a0 | 0000 0048 | 83ec 2040 | f6c4 0f0f 
  0x000001f3f05b4c60: 8419 0000 | 0048 83ec | 0848 b8b0 | 7be4 ddf8 | 7f00 00ff | d048 83c4 | 08e9 0c00 | 0000 48b8 
  0x000001f3f05b4c80: b07b e4dd | f87f 0000 | ffd0 4883 | c420 ffe0 | 4983 7f08 | 000f 8405 | 0000 00e9 | 60c2 fdff 
  0x000001f3f05b4ca0: 4c8b 6dc0 | 4c8b 75c8 | 4e8d 74f5 | 00c3 488b | 4dd0 410f | b755 0148 | 8b49 306b | d218 488d 
  0x000001f3f05b4cc0: 4c11 0848 | 8b19 488b | 5b08 488b | 5b08 488b | 5b18 80bb | 2001 0000 | 050f 840d | 0000 004c 
  0x000001f3f05b4ce0: 3bbb 3001 | 0000 0f85 | 63fe ffff | 0fb6 5115 | 488b 194c | 896d c044 | 8bea 0fb6 | 5114 49ba 
  0x000001f3f05b4d00: 40c8 6ede | f87f 0000 | 498b 14d2 | 5241 8bd5 | 4c8b 6dc0 | 488b 45d8 | 4885 c00f | 8412 0000 
  0x000001f3f05b4d20: 0048 8340 | 0801 4883 | 5808 0048 | 83c0 1048 | 8945 d848 | 8b45 d848 | 85c0 0f84 | 3d01 0000 
  0x000001f3f05b4d40: 8078 f00a | 0f85 3301 | 0000 4883 | c008 4c8b | 68f8 4183 | ed00 4183 | fd02 0f8c | 1201 0000 
  0x000001f3f05b4d60: 4c8b 6b08 | 450f b76d | 2e4c 2b28 | 4183 ed01 | 4e8b 6cec | 084d 85ed | 750e f640 | 0801 7558 
  0x000001f3f05b4d80: f048 8348 | 0801 eb50 | 458b 6d08 | 49ba 0000 | 0080 f301 | 0000 4d03 | ea4d 8bd5 | 4c33 6808 
  0x000001f3f05b4da0: 49f7 c5fc | ffff ff74 | 2f41 f6c5 | 0275 2948 | 8378 0800 | 741e 4883 | 7808 0174 | 174d 8bea 
  0x000001f3f05b4dc0: 4c33 6808 | 49f7 c5fc | ffff ff74 | 0b48 8348 | 0802 eb04 | 4c89 6808 | 4883 c010 | 4c8b 68e8 
  0x000001f3f05b4de0: 4183 ed02 | 4183 fd02 | 0f8c 8400 | 0000 4c8b | 6b08 450f | b76d 2e4c | 2b28 4183 | ed01 4e8b 
  0x000001f3f05b4e00: 6cec 084d | 85ed 750e | f640 0801 | 7558 f048 | 8348 0801 | eb50 458b | 6d08 49ba | 0000 0080 
  0x000001f3f05b4e20: f301 0000 | 4d03 ea4d | 8bd5 4c33 | 6808 49f7 | c5fc ffff | ff74 2f41 | f6c5 0275 | 2948 8378 
  0x000001f3f05b4e40: 0800 741e | 4883 7808 | 0174 174d | 8bea 4c33 | 6808 49f7 | c5fc ffff | ff74 0b48 | 8348 0802 
  0x000001f3f05b4e60: eb04 4c89 | 6808 4883 | c010 4c8b | 68d8 4183 | ed04 41c1 | e503 4903 | c548 8945 | d84c 8d6c 
  0x000001f3f05b4e80: 2408 498b | cd48 2bcd | 48c1 f903 | 4889 4df0 | 4180 bfe8 | 0500 0000 | 7403 ff63 | 38ff 6350 
[/MachCode]

---------------  P R O C E S S  ---------------

Threads class SMR info:
_java_thread_list=0x000001f3c7c41e80, length=21, elements={
0x000001f3debe7a40, 0x000001f3fd454a50, 0x000001f3fd457780, 0x000001f3fd45aca0,
0x000001f3fd45d880, 0x000001f3fd45baf0, 0x000001f3fd4621b0, 0x000001f3fd46fec0,
0x000001f3fd47a9a0, 0x000001f3fd425460, 0x000001f3c5322820, 0x000001f3c5446790,
0x000001f3c5365df0, 0x000001f3c5acf730, 0x000001f3c62e8600, 0x000001f3c5ec5840,
0x000001f3cb3085d0, 0x000001f3cb305150, 0x000001f3cb306b90, 0x000001f3cb307220,
0x000001f3cb3078b0
}

Java Threads: ( => current thread )
  0x000001f3debe7a40 JavaThread "main"                              [_thread_blocked, id=18468, stack(0x000000cd98600000,0x000000cd98700000) (1024K)]
  0x000001f3fd454a50 JavaThread "Reference Handler"          daemon [_thread_blocked, id=22476, stack(0x000000cd98e00000,0x000000cd98f00000) (1024K)]
  0x000001f3fd457780 JavaThread "Finalizer"                  daemon [_thread_blocked, id=1996, stack(0x000000cd98f00000,0x000000cd99000000) (1024K)]
  0x000001f3fd45aca0 JavaThread "Signal Dispatcher"          daemon [_thread_blocked, id=17620, stack(0x000000cd99000000,0x000000cd99100000) (1024K)]
  0x000001f3fd45d880 JavaThread "Attach Listener"            daemon [_thread_blocked, id=9836, stack(0x000000cd99100000,0x000000cd99200000) (1024K)]
  0x000001f3fd45baf0 JavaThread "Service Thread"             daemon [_thread_blocked, id=20412, stack(0x000000cd99200000,0x000000cd99300000) (1024K)]
  0x000001f3fd4621b0 JavaThread "Monitor Deflation Thread"   daemon [_thread_blocked, id=20656, stack(0x000000cd99300000,0x000000cd99400000) (1024K)]
  0x000001f3fd46fec0 JavaThread "C2 CompilerThread0"         daemon [_thread_blocked, id=22128, stack(0x000000cd99400000,0x000000cd99500000) (1024K)]
  0x000001f3fd47a9a0 JavaThread "C1 CompilerThread0"         daemon [_thread_blocked, id=23480, stack(0x000000cd99500000,0x000000cd99600000) (1024K)]
  0x000001f3fd425460 JavaThread "Common-Cleaner"             daemon [_thread_blocked, id=13540, stack(0x000000cd99600000,0x000000cd99700000) (1024K)]
  0x000001f3c5322820 JavaThread "JDWP Transport Listener: dt_socket" daemon [_thread_blocked, id=13640, stack(0x000000cd99800000,0x000000cd99900000) (1024K)]
  0x000001f3c5446790 JavaThread "JDWP Event Helper Thread"   daemon [_thread_blocked, id=21684, stack(0x000000cd99900000,0x000000cd99a00000) (1024K)]
  0x000001f3c5365df0 JavaThread "JDWP Command Reader"        daemon [_thread_in_native, id=25196, stack(0x000000cd99a00000,0x000000cd99b00000) (1024K)]
  0x000001f3c5acf730 JavaThread "Notification Thread"        daemon [_thread_blocked, id=13660, stack(0x000000cd99b00000,0x000000cd99c00000) (1024K)]
  0x000001f3c62e8600 JavaThread "Thread-0"                          [_thread_blocked, id=24376, stack(0x000000cd9a300000,0x000000cd9a400000) (1024K)]
=>0x000001f3c5ec5840 JavaThread "restartedMain"                     [_thread_in_Java, id=24184, stack(0x000000cd9a400000,0x000000cd9a500000) (1024K)]
  0x000001f3cb3085d0 JavaThread "Catalina-utility-1"                [_thread_blocked, id=22844, stack(0x000000cd9a600000,0x000000cd9a700000) (1024K)]
  0x000001f3cb305150 JavaThread "Catalina-utility-2"                [_thread_blocked, id=16360, stack(0x000000cd9a700000,0x000000cd9a800000) (1024K)]
  0x000001f3cb306b90 JavaThread "container-0"                       [_thread_blocked, id=25556, stack(0x000000cd9a900000,0x000000cd9aa00000) (1024K)]
  0x000001f3cb307220 JavaThread "mysql-cj-abandoned-connection-cleanup" daemon [_thread_blocked, id=25416, stack(0x000000cd9aa00000,0x000000cd9ab00000) (1024K)]
  0x000001f3cb3078b0 JavaThread "HikariPool-1 housekeeper"   daemon [_thread_blocked, id=22376, stack(0x000000cd9ac00000,0x000000cd9ad00000) (1024K)]
Total: 21

Other Threads:
  0x000001f3fd43ce20 VMThread "VM Thread"                           [id=7820, stack(0x000000cd98d00000,0x000000cd98e00000) (1024K)]
  0x000001f3fd423950 WatcherThread "VM Periodic Task Thread"        [id=25280, stack(0x000000cd98c00000,0x000000cd98d00000) (1024K)]
  0x000001f3e0d7a280 WorkerThread "GC Thread#0"                     [id=25440, stack(0x000000cd98700000,0x000000cd98800000) (1024K)]
  0x000001f3c5eb7af0 WorkerThread "GC Thread#1"                     [id=21408, stack(0x000000cd99c00000,0x000000cd99d00000) (1024K)]
  0x000001f3c5f00f10 WorkerThread "GC Thread#2"                     [id=25292, stack(0x000000cd99d00000,0x000000cd99e00000) (1024K)]
  0x000001f3c5f012c0 WorkerThread "GC Thread#3"                     [id=7720, stack(0x000000cd99e00000,0x000000cd99f00000) (1024K)]
  0x000001f3c5fb5020 WorkerThread "GC Thread#4"                     [id=25496, stack(0x000000cd99f00000,0x000000cd9a000000) (1024K)]
  0x000001f3c5fb53d0 WorkerThread "GC Thread#5"                     [id=23348, stack(0x000000cd9a000000,0x000000cd9a100000) (1024K)]
  0x000001f3c5fb5b80 WorkerThread "GC Thread#6"                     [id=13700, stack(0x000000cd9a100000,0x000000cd9a200000) (1024K)]
  0x000001f3c5fb5f30 WorkerThread "GC Thread#7"                     [id=23952, stack(0x000000cd9a200000,0x000000cd9a300000) (1024K)]
  0x000001f3e0d8a8f0 ConcurrentGCThread "G1 Main Marker"            [id=10608, stack(0x000000cd98800000,0x000000cd98900000) (1024K)]
  0x000001f3e0d8b400 WorkerThread "G1 Conc#0"                       [id=22048, stack(0x000000cd98900000,0x000000cd98a00000) (1024K)]
  0x000001f3c7d88320 WorkerThread "G1 Conc#1"                       [id=25164, stack(0x000000cd9a800000,0x000000cd9a900000) (1024K)]
  0x000001f3fd2f75b0 ConcurrentGCThread "G1 Refine#0"               [id=18660, stack(0x000000cd98a00000,0x000000cd98b00000) (1024K)]
  0x000001f3fd2f7f40 ConcurrentGCThread "G1 Service"                [id=23000, stack(0x000000cd98b00000,0x000000cd98c00000) (1024K)]
Total: 15

Threads with active compile tasks:
Total: 0

VM state: not at safepoint (normal execution)

VM Mutex/Monitor currently owned by a thread: None

Heap address: 0x0000000084c00000, size: 1972 MB, Compressed Oops mode: 32-bit

CDS archive(s) mapped at: [0x000001f380000000-0x000001f380c60000-0x000001f380c60000), size 12976128, SharedBaseAddress: 0x000001f380000000, ArchiveRelocationMode: 1.
Compressed class space mapped at: 0x000001f381000000-0x000001f3c1000000, reserved size: 1073741824
Narrow klass base: 0x000001f380000000, Narrow klass shift: 0, Narrow klass range: 0x41000000

GC Precious Log:
 CardTable entry size: 512
 Card Set container configuration: InlinePtr #cards 5 size 8 Array Of Cards #cards 12 size 40 Howl #buckets 4 coarsen threshold 1843 Howl Bitmap #cards 512 size 80 coarsen threshold 460 Card regions per heap region 1 cards per card region 2048
 CPUs: 8 total, 8 available
 Memory: 7886M
 Large Page Support: Disabled
 NUMA Support: Disabled
 Compressed Oops: Enabled (32-bit)
 Heap Region Size: 1M
 Heap Min Capacity: 8M
 Heap Initial Capacity: 124M
 Heap Max Capacity: 1972M
 Pre-touch: Disabled
 Parallel Workers: 8
 Concurrent Workers: 2
 Concurrent Refinement Workers: 8
 Periodic GC: Disabled

Heap:
 garbage-first heap   total reserved 2019328K, committed 65536K, used 55598K [0x0000000084c00000, 0x0000000100000000)
  region size 1024K, 34 young (34816K), 3 survivors (3072K)
 Metaspace       used 56785K, committed 57408K, reserved 1114112K
  class space    used 7627K, committed 7872K, reserved 1048576K

Heap Regions: E=young(eden), S=young(survivor), O=old, HS=humongous(starts), HC=humongous(continues), CS=collection set, F=free, TAMS=top-at-mark-start, PB=parsable bottom
|   0|0x0000000084c00000, 0x0000000084d00000, 0x0000000084d00000|100%|HS|  |TAMS 0x0000000084c00000| PB 0x0000000084c00000| Complete |  0
|   1|0x0000000084d00000, 0x0000000084e00000, 0x0000000084e00000|100%|HS|  |TAMS 0x0000000084d00000| PB 0x0000000084d00000| Complete |  0
|   2|0x0000000084e00000, 0x0000000084f00000, 0x0000000084f00000|100%| O|  |TAMS 0x0000000084e00000| PB 0x0000000084e00000| Untracked |  0
|   3|0x0000000084f00000, 0x0000000085000000, 0x0000000085000000|100%| O|  |TAMS 0x0000000084f00000| PB 0x0000000084f00000| Untracked |  0
|   4|0x0000000085000000, 0x0000000085100000, 0x0000000085100000|100%| O|  |TAMS 0x0000000085000000| PB 0x0000000085000000| Untracked |  0
|   5|0x0000000085100000, 0x0000000085200000, 0x0000000085200000|100%| O|  |TAMS 0x0000000085100000| PB 0x0000000085100000| Untracked |  0
|   6|0x0000000085200000, 0x0000000085300000, 0x0000000085300000|100%| O|  |TAMS 0x0000000085200000| PB 0x0000000085200000| Untracked |  0
|   7|0x0000000085300000, 0x0000000085400000, 0x0000000085400000|100%| O|  |TAMS 0x0000000085300000| PB 0x0000000085300000| Untracked |  0
|   8|0x0000000085400000, 0x0000000085500000, 0x0000000085500000|100%| O|  |TAMS 0x0000000085400000| PB 0x0000000085400000| Untracked |  0
|   9|0x0000000085500000, 0x0000000085600000, 0x0000000085600000|100%| O|  |TAMS 0x0000000085500000| PB 0x0000000085500000| Untracked |  0
|  10|0x0000000085600000, 0x0000000085700000, 0x0000000085700000|100%| O|  |TAMS 0x0000000085600000| PB 0x0000000085600000| Untracked |  0
|  11|0x0000000085700000, 0x0000000085800000, 0x0000000085800000|100%| O|  |TAMS 0x0000000085700000| PB 0x0000000085700000| Untracked |  0
|  12|0x0000000085800000, 0x0000000085900000, 0x0000000085900000|100%| O|  |TAMS 0x0000000085800000| PB 0x0000000085800000| Untracked |  0
|  13|0x0000000085900000, 0x0000000085a00000, 0x0000000085a00000|100%| O|  |TAMS 0x0000000085900000| PB 0x0000000085900000| Untracked |  0
|  14|0x0000000085a00000, 0x0000000085b00000, 0x0000000085b00000|100%| O|  |TAMS 0x0000000085a00000| PB 0x0000000085a00000| Untracked |  0
|  15|0x0000000085b00000, 0x0000000085c00000, 0x0000000085c00000|100%| O|  |TAMS 0x0000000085b00000| PB 0x0000000085b00000| Untracked |  0
|  16|0x0000000085c00000, 0x0000000085d00000, 0x0000000085d00000|100%| O|  |TAMS 0x0000000085c00000| PB 0x0000000085c00000| Untracked |  0
|  17|0x0000000085d00000, 0x0000000085e00000, 0x0000000085e00000|100%| O|  |TAMS 0x0000000085d00000| PB 0x0000000085d00000| Untracked |  0
|  18|0x0000000085e00000, 0x0000000085f00000, 0x0000000085f00000|100%| O|  |TAMS 0x0000000085e00000| PB 0x0000000085e00000| Untracked |  0
|  19|0x0000000085f00000, 0x0000000086000000, 0x0000000086000000|100%| O|  |TAMS 0x0000000085f00000| PB 0x0000000085f00000| Untracked |  0
|  20|0x0000000086000000, 0x0000000086100000, 0x0000000086100000|100%| O|  |TAMS 0x0000000086000000| PB 0x0000000086000000| Untracked |  0
|  21|0x0000000086100000, 0x0000000086179400, 0x0000000086200000| 47%| O|  |TAMS 0x0000000086100000| PB 0x0000000086100000| Untracked |  0
|  22|0x0000000086200000, 0x0000000086200000, 0x0000000086300000|  0%| F|  |TAMS 0x0000000086200000| PB 0x0000000086200000| Untracked |  0
|  23|0x0000000086300000, 0x0000000086300000, 0x0000000086400000|  0%| F|  |TAMS 0x0000000086300000| PB 0x0000000086300000| Untracked |  0
|  24|0x0000000086400000, 0x0000000086400000, 0x0000000086500000|  0%| F|  |TAMS 0x0000000086400000| PB 0x0000000086400000| Untracked |  0
|  25|0x0000000086500000, 0x0000000086500000, 0x0000000086600000|  0%| F|  |TAMS 0x0000000086500000| PB 0x0000000086500000| Untracked |  0
|  26|0x0000000086600000, 0x00000000866d2420, 0x0000000086700000| 82%| S|CS|TAMS 0x0000000086600000| PB 0x0000000086600000| Complete |  0
|  27|0x0000000086700000, 0x0000000086800000, 0x0000000086800000|100%| S|CS|TAMS 0x0000000086700000| PB 0x0000000086700000| Complete |  0
|  28|0x0000000086800000, 0x0000000086800000, 0x0000000086900000|  0%| F|  |TAMS 0x0000000086800000| PB 0x0000000086800000| Untracked |  0
|  29|0x0000000086900000, 0x0000000086900000, 0x0000000086a00000|  0%| F|  |TAMS 0x0000000086900000| PB 0x0000000086900000| Untracked |  0
|  30|0x0000000086a00000, 0x0000000086a00000, 0x0000000086b00000|  0%| F|  |TAMS 0x0000000086a00000| PB 0x0000000086a00000| Untracked |  0
|  31|0x0000000086b00000, 0x0000000086b00000, 0x0000000086c00000|  0%| F|  |TAMS 0x0000000086b00000| PB 0x0000000086b00000| Untracked |  0
|  32|0x0000000086c00000, 0x0000000086d00000, 0x0000000086d00000|100%| S|CS|TAMS 0x0000000086c00000| PB 0x0000000086c00000| Complete |  0
|  33|0x0000000086d00000, 0x0000000086dbe630, 0x0000000086e00000| 74%| E|  |TAMS 0x0000000086d00000| PB 0x0000000086d00000| Complete |  0
|  34|0x0000000086e00000, 0x0000000086f00000, 0x0000000086f00000|100%| E|CS|TAMS 0x0000000086e00000| PB 0x0000000086e00000| Complete |  0
|  35|0x0000000086f00000, 0x0000000087000000, 0x0000000087000000|100%| E|CS|TAMS 0x0000000086f00000| PB 0x0000000086f00000| Complete |  0
|  36|0x0000000087000000, 0x0000000087100000, 0x0000000087100000|100%| E|CS|TAMS 0x0000000087000000| PB 0x0000000087000000| Complete |  0
|  37|0x0000000087100000, 0x0000000087200000, 0x0000000087200000|100%| E|CS|TAMS 0x0000000087100000| PB 0x0000000087100000| Complete |  0
|  38|0x0000000087200000, 0x0000000087300000, 0x0000000087300000|100%| E|CS|TAMS 0x0000000087200000| PB 0x0000000087200000| Complete |  0
|  39|0x0000000087300000, 0x0000000087400000, 0x0000000087400000|100%| E|CS|TAMS 0x0000000087300000| PB 0x0000000087300000| Complete |  0
|  40|0x0000000087400000, 0x0000000087500000, 0x0000000087500000|100%| E|CS|TAMS 0x0000000087400000| PB 0x0000000087400000| Complete |  0
|  41|0x0000000087500000, 0x0000000087600000, 0x0000000087600000|100%| E|CS|TAMS 0x0000000087500000| PB 0x0000000087500000| Complete |  0
|  42|0x0000000087600000, 0x0000000087700000, 0x0000000087700000|100%| E|CS|TAMS 0x0000000087600000| PB 0x0000000087600000| Complete |  0
|  43|0x0000000087700000, 0x0000000087800000, 0x0000000087800000|100%| E|CS|TAMS 0x0000000087700000| PB 0x0000000087700000| Complete |  0
|  44|0x0000000087800000, 0x0000000087900000, 0x0000000087900000|100%| E|CS|TAMS 0x0000000087800000| PB 0x0000000087800000| Complete |  0
|  45|0x0000000087900000, 0x0000000087a00000, 0x0000000087a00000|100%| E|CS|TAMS 0x0000000087900000| PB 0x0000000087900000| Complete |  0
|  46|0x0000000087a00000, 0x0000000087b00000, 0x0000000087b00000|100%| E|CS|TAMS 0x0000000087a00000| PB 0x0000000087a00000| Complete |  0
|  47|0x0000000087b00000, 0x0000000087c00000, 0x0000000087c00000|100%| E|CS|TAMS 0x0000000087b00000| PB 0x0000000087b00000| Complete |  0
|  48|0x0000000087c00000, 0x0000000087d00000, 0x0000000087d00000|100%| E|CS|TAMS 0x0000000087c00000| PB 0x0000000087c00000| Complete |  0
|  49|0x0000000087d00000, 0x0000000087e00000, 0x0000000087e00000|100%| E|CS|TAMS 0x0000000087d00000| PB 0x0000000087d00000| Complete |  0
|  50|0x0000000087e00000, 0x0000000087f00000, 0x0000000087f00000|100%| E|CS|TAMS 0x0000000087e00000| PB 0x0000000087e00000| Complete |  0
|  51|0x0000000087f00000, 0x0000000088000000, 0x0000000088000000|100%| E|CS|TAMS 0x0000000087f00000| PB 0x0000000087f00000| Complete |  0
|  52|0x0000000088000000, 0x0000000088100000, 0x0000000088100000|100%| E|CS|TAMS 0x0000000088000000| PB 0x0000000088000000| Complete |  0
|  53|0x0000000088100000, 0x0000000088200000, 0x0000000088200000|100%| E|CS|TAMS 0x0000000088100000| PB 0x0000000088100000| Complete |  0
|  54|0x0000000088200000, 0x0000000088300000, 0x0000000088300000|100%| E|CS|TAMS 0x0000000088200000| PB 0x0000000088200000| Complete |  0
|  55|0x0000000088300000, 0x0000000088400000, 0x0000000088400000|100%| E|CS|TAMS 0x0000000088300000| PB 0x0000000088300000| Complete |  0
|  78|0x0000000089a00000, 0x0000000089b00000, 0x0000000089b00000|100%| E|CS|TAMS 0x0000000089a00000| PB 0x0000000089a00000| Complete |  0
|  79|0x0000000089b00000, 0x0000000089c00000, 0x0000000089c00000|100%| E|CS|TAMS 0x0000000089b00000| PB 0x0000000089b00000| Complete |  0
|  80|0x0000000089c00000, 0x0000000089d00000, 0x0000000089d00000|100%| E|CS|TAMS 0x0000000089c00000| PB 0x0000000089c00000| Complete |  0
|  81|0x0000000089d00000, 0x0000000089e00000, 0x0000000089e00000|100%| E|CS|TAMS 0x0000000089d00000| PB 0x0000000089d00000| Complete |  0
|  82|0x0000000089e00000, 0x0000000089f00000, 0x0000000089f00000|100%| E|CS|TAMS 0x0000000089e00000| PB 0x0000000089e00000| Complete |  0
|  83|0x0000000089f00000, 0x000000008a000000, 0x000000008a000000|100%| E|CS|TAMS 0x0000000089f00000| PB 0x0000000089f00000| Complete |  0
| 122|0x000000008c600000, 0x000000008c700000, 0x000000008c700000|100%| E|CS|TAMS 0x000000008c600000| PB 0x000000008c600000| Complete |  0
| 123|0x000000008c700000, 0x000000008c800000, 0x000000008c800000|100%| E|CS|TAMS 0x000000008c700000| PB 0x000000008c700000| Complete |  0

Card table byte_map: [0x000001f3f8770000,0x000001f3f8b50000] _byte_map_base: 0x000001f3f834a000

Marking Bits: (CMBitMap*) 0x000001f3e0d7a990
 Bits: [0x000001f3f8b50000, 0x000001f3faa20000)

Polling page: 0x000001f3e04d0000

Metaspace:

Usage:
  Non-class:     48.01 MB used.
      Class:      7.45 MB used.
       Both:     55.45 MB used.

Virtual space:
  Non-class space:       64.00 MB reserved,      48.38 MB ( 76%) committed,  1 nodes.
      Class space:        1.00 GB reserved,       7.69 MB ( <1%) committed,  1 nodes.
             Both:        1.06 GB reserved,      56.06 MB (  5%) committed. 

Chunk freelists:
   Non-Class:  15.20 MB
       Class:  8.31 MB
        Both:  23.52 MB

MaxMetaspaceSize: unlimited
CompressedClassSpaceSize: 1.00 GB
Initial GC threshold: 21.00 MB
Current GC threshold: 59.06 MB
CDS: on
 - commit_granule_bytes: 65536.
 - commit_granule_words: 8192.
 - virtual_space_node_default_size: 8388608.
 - enlarge_chunks_in_place: 1.
 - use_allocation_guard: 0.


Internal statistics:

num_allocs_failed_limit: 6.
num_arena_births: 808.
num_arena_deaths: 0.
num_vsnodes_births: 2.
num_vsnodes_deaths: 0.
num_space_committed: 897.
num_space_uncommitted: 0.
num_chunks_returned_to_freelist: 6.
num_chunks_taken_from_freelist: 2767.
num_chunk_merges: 6.
num_chunk_splits: 2016.
num_chunks_enlarged: 1546.
num_inconsistent_stats: 0.

CodeHeap 'non-profiled nmethods': size=120000Kb used=4552Kb max_used=4552Kb free=115447Kb
 bounds [0x000001f3f0b30000, 0x000001f3f0fb0000, 0x000001f3f8060000]
CodeHeap 'profiled nmethods': size=120000Kb used=10465Kb max_used=10465Kb free=109534Kb
 bounds [0x000001f3e9060000, 0x000001f3e9aa0000, 0x000001f3f0590000]
CodeHeap 'non-nmethods': size=5760Kb used=1697Kb max_used=1835Kb free=4063Kb
 bounds [0x000001f3f0590000, 0x000001f3f0800000, 0x000001f3f0b30000]
 total_blobs=5595 nmethods=4917 adapters=582
 compilation: enabled
              stopped_count=0, restarted_count=0
 full_count=0

Compilation events (20 events):
Event: 177.647 Thread 0x000001f3fd47a9a0 5299       3       java.util.concurrent.locks.ReentrantReadWriteLock$Sync::tryAcquireShared (177 bytes)
Event: 177.650 Thread 0x000001f3fd47a9a0 nmethod 5299 0x000001f3e9a94410 code [0x000001f3e9a946a0, 0x000001f3e9a95540]
Event: 177.650 Thread 0x000001f3fd47a9a0 5304       3       java.util.concurrent.locks.ReentrantReadWriteLock$Sync::tryReleaseShared (146 bytes)
Event: 177.652 Thread 0x000001f3fd47a9a0 nmethod 5304 0x000001f3e9a95a90 code [0x000001f3e9a95d00, 0x000001f3e9a96908]
Event: 177.652 Thread 0x000001f3fd47a9a0 5300       3       java.util.concurrent.locks.ReentrantReadWriteLock$Sync::sharedCount (5 bytes)
Event: 177.652 Thread 0x000001f3fd47a9a0 nmethod 5300 0x000001f3e93f1310 code [0x000001f3e93f14a0, 0x000001f3e93f1590]
Event: 177.652 Thread 0x000001f3fd47a9a0 5301       3       java.util.concurrent.locks.ReentrantReadWriteLock$NonfairSync::readerShouldBlock (5 bytes)
Event: 177.652 Thread 0x000001f3fd47a9a0 nmethod 5301 0x000001f3e9a96e10 code [0x000001f3e9a96fc0, 0x000001f3e9a97108]
Event: 177.652 Thread 0x000001f3fd47a9a0 5302       3       java.util.concurrent.locks.AbstractQueuedSynchronizer::apparentlyFirstQueuedIsExclusive (38 bytes)
Event: 177.652 Thread 0x000001f3fd47a9a0 nmethod 5302 0x000001f3e9a97190 code [0x000001f3e9a97340, 0x000001f3e9a97658]
Event: 177.652 Thread 0x000001f3fd47a9a0 5303       3       java.util.concurrent.locks.ReentrantReadWriteLock$ReadLock::unlock (10 bytes)
Event: 177.653 Thread 0x000001f3fd47a9a0 nmethod 5303 0x000001f3e9a97790 code [0x000001f3e9a97960, 0x000001f3e9a97c38]
Event: 187.517 Thread 0x000001f3fd47a9a0 5305       3       java.util.concurrent.ScheduledThreadPoolExecutor$DelayedWorkQueue::setIndex (16 bytes)
Event: 187.518 Thread 0x000001f3fd47a9a0 nmethod 5305 0x000001f3e9a97d90 code [0x000001f3e9a97f20, 0x000001f3e9a981f0]
Event: 187.518 Thread 0x000001f3fd47a9a0 5306       3       java.util.concurrent.locks.ReentrantLock$NonfairSync::tryAcquire (27 bytes)
Event: 187.518 Thread 0x000001f3fd47a9a0 nmethod 5306 0x000001f3e9a98310 code [0x000001f3e9a984c0, 0x000001f3e9a98748]
Event: 187.658 Thread 0x000001f3fd47a9a0 5307       3       java.util.concurrent.locks.AbstractQueuedSynchronizer::acquireShared (20 bytes)
Event: 187.659 Thread 0x000001f3fd47a9a0 nmethod 5307 0x000001f3e9a98810 code [0x000001f3e9a989c0, 0x000001f3e9a98c40]
Event: 197.672 Thread 0x000001f3fd47a9a0 5308       1       org.apache.catalina.valves.ValveBase::getNext (5 bytes)
Event: 197.673 Thread 0x000001f3fd47a9a0 nmethod 5308 0x000001f3f0fa2010 code [0x000001f3f0fa21a0, 0x000001f3f0fa2268]

GC Heap History (20 events):
Event: 6.449 GC heap before
{Heap before GC invocations=8 (full 0):
 garbage-first heap   total reserved 2019328K, committed 54272K, used 45051K [0x0000000084c00000, 0x0000000100000000)
  region size 1024K, 31 young (31744K), 3 survivors (3072K)
 Metaspace       used 29723K, committed 30144K, reserved 1114112K
  class space    used 3713K, committed 3904K, reserved 1048576K
}
Event: 6.454 GC heap after
{Heap after GC invocations=9 (full 0):
 garbage-first heap   total reserved 2019328K, committed 54272K, used 17630K [0x0000000084c00000, 0x0000000100000000)
  region size 1024K, 3 young (3072K), 3 survivors (3072K)
 Metaspace       used 29723K, committed 30144K, reserved 1114112K
  class space    used 3713K, committed 3904K, reserved 1048576K
}
Event: 7.137 GC heap before
{Heap before GC invocations=9 (full 0):
 garbage-first heap   total reserved 2019328K, committed 54272K, used 45278K [0x0000000084c00000, 0x0000000100000000)
  region size 1024K, 31 young (31744K), 3 survivors (3072K)
 Metaspace       used 32658K, committed 33216K, reserved 1114112K
  class space    used 4126K, committed 4352K, reserved 1048576K
}
Event: 7.142 GC heap after
{Heap after GC invocations=10 (full 0):
 garbage-first heap   total reserved 2019328K, committed 54272K, used 19432K [0x0000000084c00000, 0x0000000100000000)
  region size 1024K, 4 young (4096K), 4 survivors (4096K)
 Metaspace       used 32658K, committed 33216K, reserved 1114112K
  class space    used 4126K, committed 4352K, reserved 1048576K
}
Event: 7.646 GC heap before
{Heap before GC invocations=10 (full 0):
 garbage-first heap   total reserved 2019328K, committed 54272K, used 45032K [0x0000000084c00000, 0x0000000100000000)
  region size 1024K, 29 young (29696K), 4 survivors (4096K)
 Metaspace       used 34529K, committed 35072K, reserved 1114112K
  class space    used 4366K, committed 4608K, reserved 1048576K
}
Event: 7.653 GC heap after
{Heap after GC invocations=11 (full 0):
 garbage-first heap   total reserved 2019328K, committed 54272K, used 20471K [0x0000000084c00000, 0x0000000100000000)
  region size 1024K, 3 young (3072K), 3 survivors (3072K)
 Metaspace       used 34529K, committed 35072K, reserved 1114112K
  class space    used 4366K, committed 4608K, reserved 1048576K
}
Event: 7.812 GC heap before
{Heap before GC invocations=11 (full 0):
 garbage-first heap   total reserved 2019328K, committed 54272K, used 29687K [0x0000000084c00000, 0x0000000100000000)
  region size 1024K, 13 young (13312K), 3 survivors (3072K)
 Metaspace       used 35605K, committed 36096K, reserved 1114112K
  class space    used 4497K, committed 4736K, reserved 1048576K
}
Event: 7.817 GC heap after
{Heap after GC invocations=12 (full 0):
 garbage-first heap   total reserved 2019328K, committed 54272K, used 20556K [0x0000000084c00000, 0x0000000100000000)
  region size 1024K, 2 young (2048K), 2 survivors (2048K)
 Metaspace       used 35605K, committed 36096K, reserved 1114112K
  class space    used 4497K, committed 4736K, reserved 1048576K
}
Event: 8.278 GC heap before
{Heap before GC invocations=13 (full 0):
 garbage-first heap   total reserved 2019328K, committed 54272K, used 46156K [0x0000000084c00000, 0x0000000100000000)
  region size 1024K, 28 young (28672K), 2 survivors (2048K)
 Metaspace       used 37974K, committed 38528K, reserved 1114112K
  class space    used 4877K, committed 5120K, reserved 1048576K
}
Event: 8.282 GC heap after
{Heap after GC invocations=14 (full 0):
 garbage-first heap   total reserved 2019328K, committed 54272K, used 21119K [0x0000000084c00000, 0x0000000100000000)
  region size 1024K, 2 young (2048K), 2 survivors (2048K)
 Metaspace       used 37974K, committed 38528K, reserved 1114112K
  class space    used 4877K, committed 5120K, reserved 1048576K
}
Event: 8.765 GC heap before
{Heap before GC invocations=14 (full 0):
 garbage-first heap   total reserved 2019328K, committed 54272K, used 46719K [0x0000000084c00000, 0x0000000100000000)
  region size 1024K, 28 young (28672K), 2 survivors (2048K)
 Metaspace       used 40379K, committed 40960K, reserved 1114112K
  class space    used 5293K, committed 5568K, reserved 1048576K
}
Event: 8.770 GC heap after
{Heap after GC invocations=15 (full 0):
 garbage-first heap   total reserved 2019328K, committed 54272K, used 21073K [0x0000000084c00000, 0x0000000100000000)
  region size 1024K, 3 young (3072K), 3 survivors (3072K)
 Metaspace       used 40379K, committed 40960K, reserved 1114112K
  class space    used 5293K, committed 5568K, reserved 1048576K
}
Event: 9.185 GC heap before
{Heap before GC invocations=15 (full 0):
 garbage-first heap   total reserved 2019328K, committed 54272K, used 44625K [0x0000000084c00000, 0x0000000100000000)
  region size 1024K, 27 young (27648K), 3 survivors (3072K)
 Metaspace       used 42820K, committed 43392K, reserved 1114112K
  class space    used 5599K, committed 5888K, reserved 1048576K
}
Event: 9.189 GC heap after
{Heap after GC invocations=16 (full 0):
 garbage-first heap   total reserved 2019328K, committed 65536K, used 21936K [0x0000000084c00000, 0x0000000100000000)
  region size 1024K, 3 young (3072K), 3 survivors (3072K)
 Metaspace       used 42820K, committed 43392K, reserved 1114112K
  class space    used 5599K, committed 5888K, reserved 1048576K
}
Event: 9.801 GC heap before
{Heap before GC invocations=16 (full 0):
 garbage-first heap   total reserved 2019328K, committed 65536K, used 56752K [0x0000000084c00000, 0x0000000100000000)
  region size 1024K, 38 young (38912K), 3 survivors (3072K)
 Metaspace       used 46813K, committed 47424K, reserved 1114112K
  class space    used 6132K, committed 6400K, reserved 1048576K
}
Event: 9.808 GC heap after
{Heap after GC invocations=17 (full 0):
 garbage-first heap   total reserved 2019328K, committed 65536K, used 23595K [0x0000000084c00000, 0x0000000100000000)
  region size 1024K, 4 young (4096K), 4 survivors (4096K)
 Metaspace       used 46813K, committed 47424K, reserved 1114112K
  class space    used 6132K, committed 6400K, reserved 1048576K
}
Event: 10.354 GC heap before
{Heap before GC invocations=17 (full 0):
 garbage-first heap   total reserved 2019328K, committed 65536K, used 56363K [0x0000000084c00000, 0x0000000100000000)
  region size 1024K, 36 young (36864K), 4 survivors (4096K)
 Metaspace       used 49770K, committed 50432K, reserved 1114112K
  class space    used 6503K, committed 6784K, reserved 1048576K
}
Event: 10.358 GC heap after
{Heap after GC invocations=18 (full 0):
 garbage-first heap   total reserved 2019328K, committed 65536K, used 24633K [0x0000000084c00000, 0x0000000100000000)
  region size 1024K, 4 young (4096K), 4 survivors (4096K)
 Metaspace       used 49770K, committed 50432K, reserved 1114112K
  class space    used 6503K, committed 6784K, reserved 1048576K
}
Event: 10.827 GC heap before
{Heap before GC invocations=18 (full 0):
 garbage-first heap   total reserved 2019328K, committed 65536K, used 55353K [0x0000000084c00000, 0x0000000100000000)
  region size 1024K, 35 young (35840K), 4 survivors (4096K)
 Metaspace       used 53937K, committed 54528K, reserved 1114112K
  class space    used 7102K, committed 7360K, reserved 1048576K
}
Event: 10.831 GC heap after
{Heap after GC invocations=19 (full 0):
 garbage-first heap   total reserved 2019328K, committed 65536K, used 24878K [0x0000000084c00000, 0x0000000100000000)
  region size 1024K, 3 young (3072K), 3 survivors (3072K)
 Metaspace       used 53937K, committed 54528K, reserved 1114112K
  class space    used 7102K, committed 7360K, reserved 1048576K
}

Dll operation events (14 events):
Event: 0.022 Loaded shared library C:\Program Files\Java\jdk-22\bin\java.dll
Event: 0.066 Loaded shared library C:\Program Files\Java\jdk-22\bin\jsvml.dll
Event: 0.609 Loaded shared library C:\Program Files\Java\jdk-22\bin\zip.dll
Event: 0.616 Loaded shared library C:\Program Files\Java\jdk-22\bin\instrument.dll
Event: 0.638 Loaded shared library C:\Program Files\Java\jdk-22\bin\net.dll
Event: 0.642 Loaded shared library C:\Program Files\Java\jdk-22\bin\nio.dll
Event: 0.654 Loaded shared library C:\Program Files\Java\jdk-22\bin\zip.dll
Event: 0.981 Loaded shared library C:\Program Files\Java\jdk-22\bin\jimage.dll
Event: 1.053 Loaded shared library C:\Program Files\Java\jdk-22\bin\verify.dll
Event: 1.625 Loaded shared library C:\Program Files\Java\jdk-22\bin\management.dll
Event: 1.628 Loaded shared library C:\Program Files\Java\jdk-22\bin\management_ext.dll
Event: 2.647 Loaded shared library C:\Program Files\Java\jdk-22\bin\le.dll
Event: 4.553 Loaded shared library C:\Program Files\Java\jdk-22\bin\sunmscapi.dll
Event: 9.227 Loaded shared library C:\Program Files\Java\jdk-22\bin\extnet.dll

Deoptimization events (20 events):
Event: 11.082 Thread 0x000001f3c5ec5840 DEOPT PACKING pc=0x000001f3f0d8f8d0 sp=0x000000cd9a4fcce0
Event: 11.082 Thread 0x000001f3c5ec5840 DEOPT UNPACKING pc=0x000001f3f05e4e42 sp=0x000000cd9a4fc0d8 mode 1
Event: 11.082 Thread 0x000001f3c5ec5840 DEOPT PACKING pc=0x000001f3e93e67e4 sp=0x000000cd9a4fcd20
Event: 11.082 Thread 0x000001f3c5ec5840 DEOPT UNPACKING pc=0x000001f3f05e4e42 sp=0x000000cd9a4fc210 mode 1
Event: 11.082 Thread 0x000001f3c5ec5840 Uncommon trap: trap_request=0xffffff97 fr.pc=0x000001f3f0c1aac8 relative=0x0000000000000108
Event: 11.082 Thread 0x000001f3c5ec5840 Uncommon trap: reason=unhandled action=none pc=0x000001f3f0c1aac8 method=jdk.internal.loader.BuiltinClassLoader.loadClass(Ljava/lang/String;Z)Ljava/lang/Class; @ 19 c2
Event: 11.082 Thread 0x000001f3c5ec5840 DEOPT PACKING pc=0x000001f3f0c1aac8 sp=0x000000cd9a4fc2f0
Event: 11.082 Thread 0x000001f3c5ec5840 DEOPT UNPACKING pc=0x000001f3f05e46a2 sp=0x000000cd9a4fc210 mode 2
Event: 11.082 Thread 0x000001f3c5ec5840 DEOPT PACKING pc=0x000001f3f0baacf4 sp=0x000000cd9a4fc340
Event: 11.082 Thread 0x000001f3c5ec5840 DEOPT UNPACKING pc=0x000001f3f05e4e42 sp=0x000000cd9a4fb7c8 mode 1
Event: 11.082 Thread 0x000001f3c5ec5840 DEOPT PACKING pc=0x000001f3f0d8f8d0 sp=0x000000cd9a4fcce0
Event: 11.082 Thread 0x000001f3c5ec5840 DEOPT UNPACKING pc=0x000001f3f05e4e42 sp=0x000000cd9a4fc0d8 mode 1
Event: 11.082 Thread 0x000001f3c5ec5840 DEOPT PACKING pc=0x000001f3e93e67e4 sp=0x000000cd9a4fcd20
Event: 11.082 Thread 0x000001f3c5ec5840 DEOPT UNPACKING pc=0x000001f3f05e4e42 sp=0x000000cd9a4fc210 mode 1
Event: 215.618 Thread 0x000001f3c5ec5840 DEOPT PACKING pc=0x000001f3e943285c sp=0x000000cd9a4fd830
Event: 215.618 Thread 0x000001f3c5ec5840 DEOPT UNPACKING pc=0x000001f3f05e4e42 sp=0x000000cd9a4fcce8 mode 0
Event: 215.634 Thread 0x000001f3c5322820 Uncommon trap: trap_request=0xffffff45 fr.pc=0x000001f3f0bb5ad4 relative=0x0000000000000134
Event: 215.634 Thread 0x000001f3c5322820 Uncommon trap: reason=unstable_if action=reinterpret pc=0x000001f3f0bb5ad4 method=sun.instrument.InstrumentationImpl.transform(Ljava/lang/Module;Ljava/lang/ClassLoader;Ljava/lang/String;Ljava/lang/Class;Ljava/security/ProtectionDomain;[BZ)[B @ 24 c2
Event: 215.634 Thread 0x000001f3c5322820 DEOPT PACKING pc=0x000001f3f0bb5ad4 sp=0x000000cd998fe690
Event: 215.634 Thread 0x000001f3c5322820 DEOPT UNPACKING pc=0x000001f3f05e46a2 sp=0x000000cd998fe618 mode 2

Classes loaded (20 events):
Event: 10.262 Loading class java/util/concurrent/CompletableFuture$AltResult
Event: 10.263 Loading class java/util/concurrent/CompletableFuture$AltResult done
Event: 10.263 Loading class java/util/concurrent/CompletableFuture$Completion
Event: 10.263 Loading class java/util/concurrent/CompletableFuture$AsynchronousCompletionTask
Event: 10.263 Loading class java/util/concurrent/CompletableFuture$AsynchronousCompletionTask done
Event: 10.263 Loading class java/util/concurrent/CompletableFuture$Completion done
Event: 10.427 Loading class java/util/stream/Streams$ConcatSpliterator$OfRef
Event: 10.427 Loading class java/util/stream/Streams$ConcatSpliterator
Event: 10.427 Loading class java/util/stream/Streams$ConcatSpliterator done
Event: 10.427 Loading class java/util/stream/Streams$ConcatSpliterator$OfRef done
Event: 10.427 Loading class java/util/stream/Streams$2
Event: 10.428 Loading class java/util/stream/Streams$2 done
Event: 10.498 Loading class java/util/concurrent/CancellationException
Event: 10.498 Loading class java/util/concurrent/CancellationException done
Event: 10.893 Loading class java/util/ArrayList$ListItr
Event: 10.893 Loading class java/util/ArrayList$ListItr done
Event: 10.980 Loading class java/util/AbstractList$SubList
Event: 10.980 Loading class java/util/AbstractList$SubList done
Event: 11.091 Loading class java/lang/invoke/WrongMethodTypeException
Event: 11.091 Loading class java/lang/invoke/WrongMethodTypeException done

Classes unloaded (0 events):
No events

Classes redefined (1 events):
Event: 215.659 Thread 0x000001f3fd43ce20 redefined class name=com.boostmytool.beststore.models.Product, count=1

Internal exceptions (20 events):
Event: 6.792 Thread 0x000001f3c5ec5840 Exception <a 'java/lang/NoSuchMethodError'{0x0000000087296b58}: 'void java.lang.invoke.DirectMethodHandle$Holder.invokeStatic(java.lang.Object, java.lang.Object, java.lang.Object, int, java.lang.Object)'> (0x0000000087296b58) 
thrown [s\open\src\hotspot\share\interpreter\linkResolver.cpp, line 774]
Event: 6.793 Thread 0x000001f3c5ec5840 Exception <a 'java/lang/NoSuchMethodError'{0x000000008729d3d8}: 'java.lang.Object java.lang.invoke.DirectMethodHandle$Holder.newInvokeSpecial(java.lang.Object, java.lang.Object, java.lang.Object, int)'> (0x000000008729d3d8) 
thrown [s\open\src\hotspot\share\interpreter\linkResolver.cpp, line 774]
Event: 6.794 Thread 0x000001f3c5ec5840 Exception <a 'java/lang/NoSuchMethodError'{0x00000000872a1278}: 'java.lang.Object java.lang.invoke.DirectMethodHandle$Holder.invokeSpecial(java.lang.Object, java.lang.Object, java.lang.Object, java.lang.Object, int)'> (0x00000000872a1278) 
thrown [s\open\src\hotspot\share\interpreter\linkResolver.cpp, line 774]
Event: 6.794 Thread 0x000001f3c5ec5840 Exception <a 'java/lang/NoSuchMethodError'{0x00000000872a4700}: 'java.lang.Object java.lang.invoke.Invokers$Holder.linkToTargetMethod(java.lang.Object, java.lang.Object, int, java.lang.Object)'> (0x00000000872a4700) 
thrown [s\open\src\hotspot\share\interpreter\linkResolver.cpp, line 774]
Event: 6.966 Thread 0x000001f3c5ec5840 Exception <a 'java/lang/NoSuchMethodError'{0x0000000086c35bf0}: 'java.lang.Object java.lang.invoke.DirectMethodHandle$Holder.invokeStaticInit(java.lang.Object, int, int, int, int)'> (0x0000000086c35bf0) 
thrown [s\open\src\hotspot\share\interpreter\linkResolver.cpp, line 774]
Event: 7.028 Thread 0x000001f3c5ec5840 Exception <a 'java/lang/NoSuchMethodError'{0x0000000086b1cac0}: 'java.lang.Object java.lang.invoke.DirectMethodHandle$Holder.invokeStaticInit(java.lang.Object, java.lang.Object, int, int, int, int)'> (0x0000000086b1cac0) 
thrown [s\open\src\hotspot\share\interpreter\linkResolver.cpp, line 774]
Event: 7.255 Thread 0x000001f3c5ec5840 Exception <a 'java/lang/NoSuchMethodError'{0x0000000089a270f0}: 'int java.lang.invoke.DirectMethodHandle$Holder.invokeVirtual(java.lang.Object, java.lang.Object, java.lang.Object, java.lang.Object)'> (0x0000000089a270f0) 
thrown [s\open\src\hotspot\share\interpreter\linkResolver.cpp, line 774]
Event: 7.255 Thread 0x000001f3c5ec5840 Exception <a 'java/lang/NoSuchMethodError'{0x0000000089a2a970}: 'int java.lang.invoke.DelegatingMethodHandle$Holder.reinvoke_L(java.lang.Object, java.lang.Object, java.lang.Object, java.lang.Object)'> (0x0000000089a2a970) 
thrown [s\open\src\hotspot\share\interpreter\linkResolver.cpp, line 774]
Event: 7.366 Thread 0x000001f3c5ec5840 Exception <a 'java/io/FileNotFoundException'{0x000000008742d948}> (0x000000008742d948) 
thrown [s\open\src\hotspot\share\prims\jni.cpp, line 520]
Event: 7.392 Thread 0x000001f3c5ec5840 Exception <a 'java/lang/NoSuchMethodError'{0x00000000872136d8}: 'int java.lang.invoke.DirectMethodHandle$Holder.invokeInterface(java.lang.Object, java.lang.Object, java.lang.Object, java.lang.Object)'> (0x00000000872136d8) 
thrown [s\open\src\hotspot\share\interpreter\linkResolver.cpp, line 774]
Event: 7.477 Thread 0x000001f3c5ec5840 Exception <a 'java/lang/NoSuchMethodError'{0x0000000086fc9f68}: 'long java.lang.invoke.DirectMethodHandle$Holder.invokeVirtual(java.lang.Object, java.lang.Object)'> (0x0000000086fc9f68) 
thrown [s\open\src\hotspot\share\interpreter\linkResolver.cpp, line 774]
Event: 7.486 Thread 0x000001f3c5ec5840 Exception <a 'java/io/FileNotFoundException'{0x0000000086e3ade0}> (0x0000000086e3ade0) 
thrown [s\open\src\hotspot\share\prims\jni.cpp, line 520]
Event: 7.632 Thread 0x000001f3c5ec5840 Exception <a 'java/lang/NoSuchMethodError'{0x00000000868bbd30}: 'java.lang.Object java.lang.invoke.DirectMethodHandle$Holder.newInvokeSpecial(java.lang.Object, java.lang.Object, java.lang.Object, java.lang.Object, java.lang.Object, java.lang.Object, java.lang.Object, java.lang.Object, java.lang.Object, java.lang.Object, java.lang.Object)'> (0x00000000868bbd30) 
thrown [s\open\src\hotspot\share\interpreter\linkResolver.cpp, line 774]
Event: 7.773 Thread 0x000001f3c5ec5840 Exception <a 'java/lang/NoSuchMethodError'{0x0000000089a11380}: 'void java.lang.invoke.DelegatingMethodHandle$Holder.reinvoke_L(java.lang.Object, java.lang.Object, java.lang.Object, java.lang.Object, int, java.lang.Object, java.lang.Object, java.lang.Object)'> (0x0000000089a11380) 
thrown [s\open\src\hotspot\share\interpreter\linkResolver.cpp, line 774]
Event: 8.973 Thread 0x000001f3c5ec5840 Exception <a 'java/lang/NoSuchMethodError'{0x00000000876b4ce8}: 'int java.lang.invoke.DirectMethodHandle$Holder.invokeStatic(java.lang.Object)'> (0x00000000876b4ce8) 
thrown [s\open\src\hotspot\share\interpreter\linkResolver.cpp, line 774]
Event: 9.635 Thread 0x000001f3c5ec5840 Exception <a 'java/lang/NoSuchMethodError'{0x00000000872d3508}: 'java.lang.Object java.lang.invoke.DirectMethodHandle$Holder.invokeStaticInit(java.lang.Object, java.lang.Object, java.lang.Object, java.lang.Object)'> (0x00000000872d3508) 
thrown [s\open\src\hotspot\share\interpreter\linkResolver.cpp, line 774]
Event: 9.673 Thread 0x000001f3c5ec5840 Exception <a 'java/lang/NoSuchMethodError'{0x00000000871e90e8}: 'int java.lang.invoke.Invokers$Holder.invokeExact_MT(java.lang.Object, java.lang.Object)'> (0x00000000871e90e8) 
thrown [s\open\src\hotspot\share\interpreter\linkResolver.cpp, line 774]
Event: 10.507 Thread 0x000001f3c5ec5840 Exception <a 'java/lang/IncompatibleClassChangeError'{0x0000000089a42090}: Found class java.lang.Object, but interface was expected> (0x0000000089a42090) 
thrown [s\open\src\hotspot\share\interpreter\linkResolver.cpp, line 841]
Event: 10.545 Thread 0x000001f3c5ec5840 Exception <a 'java/lang/NoSuchMethodError'{0x00000000882aa990}: 'java.lang.Object java.lang.invoke.DirectMethodHandle$Holder.invokeStatic(java.lang.Object, java.lang.Object, int, java.lang.Object)'> (0x00000000882aa990) 
thrown [s\open\src\hotspot\share\interpreter\linkResolver.cpp, line 774]
Event: 10.546 Thread 0x000001f3c5ec5840 Exception <a 'java/lang/NoSuchMethodError'{0x00000000882ae188}: 'java.lang.Object java.lang.invoke.DirectMethodHandle$Holder.invokeStaticInit(java.lang.Object, java.lang.Object, int, java.lang.Object)'> (0x00000000882ae188) 
thrown [s\open\src\hotspot\share\interpreter\linkResolver.cpp, line 774]

ZGC Phase Switch (0 events):
No events

VM Operations (20 events):
Event: 27.149 Executing VM operation: get/set locals
Event: 27.149 Executing VM operation: get/set locals done
Event: 27.474 Executing VM operation: get/set locals
Event: 27.475 Executing VM operation: get/set locals done
Event: 60.218 Executing VM operation: HandshakeAllThreads (HandshakeForDeflation)
Event: 60.218 Executing VM operation: HandshakeAllThreads (HandshakeForDeflation) done
Event: 60.218 Executing VM operation: RendezvousGCThreads
Event: 60.218 Executing VM operation: RendezvousGCThreads done
Event: 99.603 Executing VM operation: Cleanup
Event: 99.603 Executing VM operation: Cleanup done
Event: 117.787 Executing VM operation: Cleanup
Event: 117.787 Executing VM operation: Cleanup done
Event: 215.616 Executing VM operation: ChangeSingleStep
Event: 215.616 Executing VM operation: ChangeSingleStep done
Event: 215.618 Executing VM operation: ChangeSingleStep
Event: 215.618 Executing VM operation: ChangeSingleStep done
Event: 215.636 Executing VM operation: RedefineClasses
Event: 215.686 Executing VM operation: RedefineClasses done
Event: 215.689 Executing VM operation: ChangeSingleStep
Event: 215.689 Executing VM operation: ChangeSingleStep done

Memory protections (0 events):
No events

Nmethod flushes (20 events):
Event: 7.841 Thread 0x000001f3fd43ce20 flushing  nmethod 0x000001f3e911e410
Event: 7.841 Thread 0x000001f3fd43ce20 flushing  nmethod 0x000001f3e9125f90
Event: 7.841 Thread 0x000001f3fd43ce20 flushing  nmethod 0x000001f3e9126d10
Event: 7.841 Thread 0x000001f3fd43ce20 flushing  nmethod 0x000001f3e9160a10
Event: 7.841 Thread 0x000001f3fd43ce20 flushing  nmethod 0x000001f3e9161a90
Event: 7.841 Thread 0x000001f3fd43ce20 flushing  nmethod 0x000001f3e9162910
Event: 7.841 Thread 0x000001f3fd43ce20 flushing  nmethod 0x000001f3e9164c10
Event: 7.841 Thread 0x000001f3fd43ce20 flushing  nmethod 0x000001f3e9166710
Event: 7.841 Thread 0x000001f3fd43ce20 flushing  nmethod 0x000001f3e916a690
Event: 7.841 Thread 0x000001f3fd43ce20 flushing  nmethod 0x000001f3e91f0910
Event: 7.841 Thread 0x000001f3fd43ce20 flushing  nmethod 0x000001f3e91f4610
Event: 7.841 Thread 0x000001f3fd43ce20 flushing  nmethod 0x000001f3e91f5290
Event: 7.841 Thread 0x000001f3fd43ce20 flushing  nmethod 0x000001f3e9216590
Event: 7.841 Thread 0x000001f3fd43ce20 flushing  nmethod 0x000001f3e937af90
Event: 7.841 Thread 0x000001f3fd43ce20 flushing  nmethod 0x000001f3e9408c10
Event: 7.841 Thread 0x000001f3fd43ce20 flushing  nmethod 0x000001f3e9452490
Event: 7.841 Thread 0x000001f3fd43ce20 flushing  nmethod 0x000001f3e9589c10
Event: 7.841 Thread 0x000001f3fd43ce20 flushing osr nmethod 0x000001f3e9590490
Event: 7.841 Thread 0x000001f3fd43ce20 flushing  nmethod 0x000001f3e9591690
Event: 7.841 Thread 0x000001f3fd43ce20 flushing  nmethod 0x000001f3e9592d10

Events (20 events):
Event: 0.217 Thread 0x000001f3c5322820 Thread added: 0x000001f3c5365df0
Event: 0.611 Thread 0x000001f3c5288390 Thread exited: 0x000001f3c5288390
Event: 0.710 Thread 0x000001f3fd46fec0 Thread added: 0x000001f3c541a2d0
Event: 1.044 Thread 0x000001f3debe7a40 Thread added: 0x000001f3c5acf730
Event: 1.694 Thread 0x000001f3debe7a40 Thread added: 0x000001f3c62e8600
Event: 1.699 Thread 0x000001f3c62e8600 Thread added: 0x000001f3c5ec5840
Event: 2.197 Thread 0x000001f3fd47a9a0 Thread added: 0x000001f3c79fb8b0
Event: 2.511 Thread 0x000001f3c5ec5840 Thread added: 0x000001f3c778ef40
Event: 3.786 Thread 0x000001f3c5ec5840 Thread added: 0x000001f3ca8ed030
Event: 4.019 Thread 0x000001f3ca8ed030 Thread exited: 0x000001f3ca8ed030
Event: 4.568 Thread 0x000001f3c778ef40 Thread exited: 0x000001f3c778ef40
Event: 7.503 Thread 0x000001f3c5ec5840 Thread added: 0x000001f3cb3085d0
Event: 7.506 Thread 0x000001f3cb3085d0 Thread added: 0x000001f3cb305150
Event: 7.517 Thread 0x000001f3c5ec5840 Thread added: 0x000001f3cb306b90
Event: 7.571 Thread 0x000001f3c5ec5840 Thread added: 0x000001f3cb307220
Event: 9.397 Thread 0x000001f3c5ec5840 Thread added: 0x000001f3cb3078b0
Event: 9.513 Thread 0x000001f3cb3078b0 Thread added: 0x000001f3cb3057e0
Event: 14.940 Thread 0x000001f3cb3057e0 Thread exited: 0x000001f3cb3057e0
Event: 16.098 Thread 0x000001f3c79fb8b0 Thread exited: 0x000001f3c79fb8b0
Event: 16.098 Thread 0x000001f3c541a2d0 Thread exited: 0x000001f3c541a2d0


Dynamic libraries:
0x00007ff726d50000 - 0x00007ff726d60000 	C:\Program Files\Java\jdk-22\bin\javaw.exe
0x00007ff9646f0000 - 0x00007ff964907000 	C:\Windows\SYSTEM32\ntdll.dll
0x00007ff9633f0000 - 0x00007ff9634b4000 	C:\Windows\System32\KERNEL32.DLL
0x00007ff961a80000 - 0x00007ff961e3a000 	C:\Windows\System32\KERNELBASE.dll
0x00007ff961f10000 - 0x00007ff962021000 	C:\Windows\System32\ucrtbase.dll
0x00007ff9395b0000 - 0x00007ff9395cb000 	C:\Program Files\Java\jdk-22\bin\VCRUNTIME140.dll
0x00007ff939590000 - 0x00007ff9395a7000 	C:\Program Files\Java\jdk-22\bin\jli.dll
0x00007ff9625e0000 - 0x00007ff96278e000 	C:\Windows\System32\USER32.dll
0x00007ff962030000 - 0x00007ff962056000 	C:\Windows\System32\win32u.dll
0x00007ff963250000 - 0x00007ff963279000 	C:\Windows\System32\GDI32.dll
0x00007ff9490f0000 - 0x00007ff949382000 	C:\Windows\WinSxS\amd64_microsoft.windows.common-controls_6595b64144ccf1df_6.0.22621.4541_none_2710d1c57384c085\COMCTL32.dll
0x00007ff9622d0000 - 0x00007ff9623eb000 	C:\Windows\System32\gdi32full.dll
0x00007ff962450000 - 0x00007ff9624f7000 	C:\Windows\System32\msvcrt.dll
0x00007ff961e70000 - 0x00007ff961f0a000 	C:\Windows\System32\msvcp_win.dll
0x00007ff9633b0000 - 0x00007ff9633e1000 	C:\Windows\System32\IMM32.DLL
0x00007ff939580000 - 0x00007ff93958c000 	C:\Program Files\Java\jdk-22\bin\vcruntime140_1.dll
0x00007ff906420000 - 0x00007ff9064ae000 	C:\Program Files\Java\jdk-22\bin\msvcp140.dll
0x00007ff8dda70000 - 0x00007ff8de7b9000 	C:\Program Files\Java\jdk-22\bin\server\jvm.dll
0x00007ff9632f0000 - 0x00007ff9633a2000 	C:\Windows\System32\ADVAPI32.dll
0x00007ff9631a0000 - 0x00007ff963247000 	C:\Windows\System32\sechost.dll
0x00007ff961e40000 - 0x00007ff961e68000 	C:\Windows\System32\bcrypt.dll
0x00007ff962b50000 - 0x00007ff962c64000 	C:\Windows\System32\RPCRT4.dll
0x00007ff9643c0000 - 0x00007ff964431000 	C:\Windows\System32\WS2_32.dll
0x00007ff949f40000 - 0x00007ff949f4a000 	C:\Windows\SYSTEM32\VERSION.dll
0x00007ff959fc0000 - 0x00007ff959ff4000 	C:\Windows\SYSTEM32\WINMM.dll
0x00007ff961890000 - 0x00007ff9618dd000 	C:\Windows\SYSTEM32\POWRPROF.dll
0x00007ff961870000 - 0x00007ff961883000 	C:\Windows\SYSTEM32\UMPDC.dll
0x00007ff960a00000 - 0x00007ff960a18000 	C:\Windows\SYSTEM32\kernel.appcore.dll
0x00007ff942e30000 - 0x00007ff942e3a000 	C:\Program Files\Java\jdk-22\bin\jimage.dll
0x00007ff95f210000 - 0x00007ff95f442000 	C:\Windows\SYSTEM32\DBGHELP.DLL
0x00007ff9637b0000 - 0x00007ff963b3f000 	C:\Windows\System32\combase.dll
0x00007ff962500000 - 0x00007ff9625d7000 	C:\Windows\System32\OLEAUT32.dll
0x00007ff939c30000 - 0x00007ff939c62000 	C:\Windows\SYSTEM32\dbgcore.DLL
0x00007ff9620e0000 - 0x00007ff96215b000 	C:\Windows\System32\bcryptPrimitives.dll
0x00007ff937850000 - 0x00007ff93788c000 	C:\Program Files\Java\jdk-22\bin\jdwp.dll
0x00007ff948920000 - 0x00007ff94892f000 	C:\Program Files\Java\jdk-22\bin\instrument.dll
0x00007ff9397d0000 - 0x00007ff9397ee000 	C:\Program Files\Java\jdk-22\bin\java.dll
0x00007ff963b40000 - 0x00007ff9643b8000 	C:\Windows\System32\SHELL32.dll
0x00007ff962830000 - 0x00007ff9629d5000 	C:\Windows\System32\ole32.dll
0x00007ff95f900000 - 0x00007ff960208000 	C:\Windows\SYSTEM32\windows.storage.dll
0x00007ff95f7c0000 - 0x00007ff95f8ff000 	C:\Windows\SYSTEM32\wintypes.dll
0x00007ff9635f0000 - 0x00007ff9636ea000 	C:\Windows\System32\SHCORE.dll
0x00007ff9623f0000 - 0x00007ff96244e000 	C:\Windows\System32\shlwapi.dll
0x00007ff9618f0000 - 0x00007ff96191b000 	C:\Windows\SYSTEM32\profapi.dll
0x00007ff908240000 - 0x00007ff908317000 	C:\Program Files\Java\jdk-22\bin\jsvml.dll
0x00007ff948910000 - 0x00007ff94891c000 	C:\Program Files\Java\jdk-22\bin\dt_socket.dll
0x00007ff960470000 - 0x00007ff96049d000 	C:\Windows\SYSTEM32\IPHLPAPI.DLL
0x00007ff960e80000 - 0x00007ff960ee9000 	C:\Windows\system32\mswsock.dll
0x00007ff9604a0000 - 0x00007ff9605a2000 	C:\Windows\SYSTEM32\DNSAPI.dll
0x00007ff9634c0000 - 0x00007ff9634c9000 	C:\Windows\System32\NSI.dll
0x00007ff95c970000 - 0x00007ff95c97a000 	C:\Windows\System32\rasadhlp.dll
0x00007ff959150000 - 0x00007ff9591d3000 	C:\Windows\System32\fwpuclnt.dll
0x00007ff938050000 - 0x00007ff938067000 	C:\Program Files\Java\jdk-22\bin\zip.dll
0x00007ff9397c0000 - 0x00007ff9397d0000 	C:\Program Files\Java\jdk-22\bin\net.dll
0x00007ff939560000 - 0x00007ff939576000 	C:\Program Files\Java\jdk-22\bin\nio.dll
0x00007ff939550000 - 0x00007ff939560000 	C:\Program Files\Java\jdk-22\bin\verify.dll
0x00007ff938cc0000 - 0x00007ff938cca000 	C:\Program Files\Java\jdk-22\bin\management.dll
0x00007ff9380b0000 - 0x00007ff9380bb000 	C:\Program Files\Java\jdk-22\bin\management_ext.dll
0x00007ff964450000 - 0x00007ff964458000 	C:\Windows\System32\PSAPI.DLL
0x00007ff937a80000 - 0x00007ff937a8b000 	C:\Program Files\Java\jdk-22\bin\le.dll
0x00007ff937a90000 - 0x00007ff937a9e000 	C:\Program Files\Java\jdk-22\bin\sunmscapi.dll
0x00007ff962160000 - 0x00007ff9622c6000 	C:\Windows\System32\CRYPT32.dll
0x00007ff961290000 - 0x00007ff9612bd000 	C:\Windows\SYSTEM32\ncrypt.dll
0x00007ff961250000 - 0x00007ff961287000 	C:\Windows\SYSTEM32\NTASN1.dll
0x00007ff9610d0000 - 0x00007ff9610eb000 	C:\Windows\SYSTEM32\CRYPTSP.dll
0x00007ff960960000 - 0x00007ff960995000 	C:\Windows\system32\rsaenh.dll
0x00007ff960f70000 - 0x00007ff960f98000 	C:\Windows\SYSTEM32\USERENV.dll
0x00007ff9610f0000 - 0x00007ff9610fc000 	C:\Windows\SYSTEM32\CRYPTBASE.dll
0x00007ff948f80000 - 0x00007ff948f89000 	C:\Program Files\Java\jdk-22\bin\extnet.dll

dbghelp: loaded successfully - version: 4.0.5 - missing functions: none
symbol engine: initialized successfully - sym options: 0x614 - pdb path: .;C:\Program Files\Java\jdk-22\bin;C:\Windows\SYSTEM32;C:\Windows\WinSxS\amd64_microsoft.windows.common-controls_6595b64144ccf1df_6.0.22621.4541_none_2710d1c57384c085;C:\Program Files\Java\jdk-22\bin\server

VM Arguments:
jvm_args: -XX:+ShowCodeDetailsInExceptionMessages -agentlib:jdwp=transport=dt_socket,suspend=y,address=localhost:59446 -javaagent:C:\Users\Nurlaela Ramadhani\eclipse\java-2024-092\eclipse\configuration\org.eclipse.osgi\251\0\.cp\lib\javaagent-shaded.jar -Dfile.encoding=UTF-8 -Dstdout.encoding=UTF-8 -Dstderr.encoding=UTF-8 
java_command: com.boostmytool.beststore.BeststoreApplication
java_class_path (initial): C:\Users\Nurlaela Ramadhani\Documents\PROJEK JAVA\beststore\target\classes;C:\Users\Nurlaela Ramadhani\.m2\repository\org\springframework\boot\spring-boot-starter-data-jpa\3.4.0\spring-boot-starter-data-jpa-3.4.0.jar;C:\Users\Nurlaela Ramadhani\.m2\repository\org\springframework\boot\spring-boot-starter\3.4.0\spring-boot-starter-3.4.0.jar;C:\Users\Nurlaela Ramadhani\.m2\repository\org\springframework\boot\spring-boot-starter-logging\3.4.0\spring-boot-starter-logging-3.4.0.jar;C:\Users\Nurlaela Ramadhani\.m2\repository\ch\qos\logback\logback-classic\1.5.12\logback-classic-1.5.12.jar;C:\Users\Nurlaela Ramadhani\.m2\repository\ch\qos\logback\logback-core\1.5.12\logback-core-1.5.12.jar;C:\Users\Nurlaela Ramadhani\.m2\repository\org\apache\logging\log4j\log4j-to-slf4j\2.24.1\log4j-to-slf4j-2.24.1.jar;C:\Users\Nurlaela Ramadhani\.m2\repository\org\apache\logging\log4j\log4j-api\2.24.1\log4j-api-2.24.1.jar;C:\Users\Nurlaela Ramadhani\.m2\repository\org\slf4j\jul-to-slf4j\2.0.16\jul-to-slf4j-2.0.16.jar;C:\Users\Nurlaela Ramadhani\.m2\repository\jakarta\annotation\jakarta.annotation-api\2.1.1\jakarta.annotation-api-2.1.1.jar;C:\Users\Nurlaela Ramadhani\.m2\repository\org\yaml\snakeyaml\2.3\snakeyaml-2.3.jar;C:\Users\Nurlaela Ramadhani\.m2\repository\org\springframework\boot\spring-boot-starter-jdbc\3.4.0\spring-boot-starter-jdbc-3.4.0.jar;C:\Users\Nurlaela Ramadhani\.m2\repository\com\zaxxer\HikariCP\5.1.0\HikariCP-5.1.0.jar;C:\Users\Nurlaela Ramadhani\.m2\repository\org\springframework\spring-jdbc\6.2.0\spring-jdbc-6.2.0.jar;C:\Users\Nurlaela Ramadhani\.m2\repository\org\hibernate\orm\hibernate-core\6.6.2.Final\hibernate-core-6.6.2.Final.jar;C:\Users\Nurlaela Ramadhani\.m2\repository\jakarta\persistence\jakarta.persistence-api\3.1.0\jakarta.persistence-api-3.1.0.jar;C:\Users\Nurlaela Ramadhani\.m2\repository\jakarta\transaction\jakarta.transaction-api\2.0.1\jakarta.transaction-api-2.0.1.jar;C:\Users\Nurlaela Ramadhani\.m2\repository\org\jboss\logging\jboss-logging\3.6.1.Final\jboss-logging-3.6.1.Final.jar;C:\Users\Nurlaela Ramadhani\.m2\repository\org\hibernate\common\hibernate-commons-annotations\7.0.3.Final\hibernate-commons-annotations-7.0.3.Final.jar;C:\Users\Nurlaela Ramadhani\.m2\repository\io\smallrye\jandex\3.2.0\jandex-3.2.0.jar;C:\Users\Nurlaela Ramadhani\.m2\repository\com\fasterxml\classmate\1.7.0\classmate-1.7.0.jar;C:\Users\Nurlaela Ramadhani\.m2\repository\net\bytebuddy\byte-buddy\1.15.10\byte-buddy-1.15.10.jar;C:\Users\Nurlaela Ramadhani\.m2\repository\org\glassfish\jaxb\jaxb-runtime\4.0.5\jaxb-runtime-4.0.5.jar;C:\Users\Nurlaela Ramadhani\.m2\repository\org\glassfish\jaxb\jaxb-core\4.0.5\jaxb-core-4.0.5.jar;C:\Users\Nurlaela Ramadhani\.m2\repository\org\eclipse\angus\angus-activation\2.0.2\angus-activation-2.0.2.jar;C:\Users\Nurlaela Ramadhani\.m2\repository\org\glassfish\jaxb\txw2\4.0.5\txw2-4.0.5.jar;C:\Users\Nurlaela Ramadhani\.m2\repository\com\sun\istack\istack-commons-runtime\4.1.2\istack-commons-runtime-4.1.2.jar;C:\Users\Nurlaela Ramadhani\.m2\repository\jakarta\inject\jakarta.inject-api\2.0.1\jakarta.inject-api-2.0.1.jar;C:\Users\Nurlaela Ramadhani\.m2\repository\org\antlr\antlr4-runtime\4.13.0\antlr4-runtime-4.13.0.jar;C:\Users\Nurlaela Ramadhani\.m2\repository\org\springframework\data\spring-data-jpa\3.4.0\spring-data-jpa-3.4.0.jar;C:\Users\Nurlaela Ramadhani\.m2\repository\org\springframework\data\spring-data-commons\3.4.0\spring-data-commons-3.4.0.jar;C:\Users\Nurlaela Ramadhani\.m2\repository\org\springframework\spring-orm\6.2.0\spring-orm-6.2.0.jar;C:\Users\Nurlaela Ramadhani\.m2\repository\org\springframework\spring-context\6.2.0\spring-context-6.2.0.jar;C:\Users\Nurlaela Ramadhani\.m2\repository\org\springframework\spring-aop\6.2.0\spring-aop-6.2.0.jar;C:\Users\Nurlaela Ramadhani\.m2\repository\org\springframework\spring-tx\6.2.0\spring-tx-6.2.0.jar;C:\Users\Nurlaela Ramadhani\.m2\repository\org\springframework\spring-beans\6.2.0\spring-beans-6.2.0.jar;C:\Users\Nurlaela Ramadhani\.m2\repository\org\slf4j\slf4j-api\2.0.16\slf4j-api-2.0.16.jar;C:\Users\Nurlaela Ramadhani\.m2\repository\org\springframework\spring-aspects\6.2.0\spring-aspects-6.2.0.jar;C:\Users\Nurlaela Ramadhani\.m2\repository\org\aspectj\aspectjweaver\1.9.22.1\aspectjweaver-1.9.22.1.jar;C:\Users\Nurlaela Ramadhani\.m2\repository\org\springframework\boot\spring-boot-starter-thymeleaf\3.4.0\spring-boot-starter-thymeleaf-3.4.0.jar;C:\Users\Nurlaela Ramadhani\.m2\repository\org\thymeleaf\thymeleaf-spring6\3.1.2.RELEASE\thymeleaf-spring6-3.1.2.RELEASE.jar;C:\Users\Nurlaela Ramadhani\.m2\repository\org\thymeleaf\thymeleaf\3.1.2.RELEASE\thymeleaf-3.1.2.RELEASE.jar;C:\Users\Nurlaela Ramadhani\.m2\repository\org\attoparser\attoparser\2.0.7.RELEASE\attoparser-2.0.7.RELEASE.jar;C:\Users\Nurlaela Ramadhani\.m2\repository\org\unbescape\unbescape\1.1.6.RELEASE\unbescape-1.1.6.RELEASE.jar;C:\Users\Nurlaela Ramadhani\.m2\repository\org\springframework\boot\spring-boot-starter-validation\3.4.0\spring-boot-starter-validation-3.4.0.jar;C:\Users\Nurlaela Ramadhani\.m2\repository\org\apache\tomcat\embed\tomcat-embed-el\10.1.33\tomcat-embed-el-10.1.33.jar;C:\Users\Nurlaela Ramadhani\.m2\repository\org\hibernate\validator\hibernate-validator\8.0.1.Final\hibernate-validator-8.0.1.Final.jar;C:\Users\Nurlaela Ramadhani\.m2\repository\jakarta\validation\jakarta.validation-api\3.0.2\jakarta.validation-api-3.0.2.jar;C:\Users\Nurlaela Ramadhani\.m2\repository\org\springframework\boot\spring-boot-starter-web\3.4.0\spring-boot-starter-web-3.4.0.jar;C:\Users\Nurlaela Ramadhani\.m2\repository\org\springframework\boot\spring-boot-starter-json\3.4.0\spring-boot-starter-json-3.4.0.jar;C:\Users\Nurlaela Ramadhani\.m2\repository\com\fasterxml\jackson\core\jackson-databind\2.18.1\jackson-databind-2.18.1.jar;C:\Users\Nurlaela Ramadhani\.m2\repository\com\fasterxml\jackson\core\jackson-annotations\2.18.1\jackson-annotations-2.18.1.jar;C:\Users\Nurlaela Ramadhani\.m2\repository\com\fasterxml\jackson\core\jackson-core\2.18.1\jackson-core-2.18.1.jar;C:\Users\Nurlaela Ramadhani\.m2\repository\com\fasterxml\jackson\datatype\jackson-datatype-jdk8\2.18.1\jackson-datatype-jdk8-2.18.1.jar;C:\Users\Nurlaela Ramadhani\.m2\repository\com\fasterxml\jackson\datatype\jackson-datatype-jsr310\2.18.1\jackson-datatype-jsr310-2.18.1.jar;C:\Users\Nurlaela Ramadhani\.m2\repository\com\fasterxml\jackson\module\jackson-module-parameter-names\2.18.1\jackson-module-parameter-names-2.18.1.jar;C:\Users\Nurlaela Ramadhani\.m2\repository\org\springframework\boot\spring-boot-starter-tomcat\3.4.0\spring-boot-starter-tomcat-3.4.0.jar;C:\Users\Nurlaela Ramadhani\.m2\repository\org\apache\tomcat\embed\tomcat-embed-core\10.1.33\tomcat-embed-core-10.1.33.jar;C:\Users\Nurlaela Ramadhani\.m2\repository\org\apache\tomcat\embed\tomcat-embed-websocket\10.1.33\tomcat-embed-websocket-10.1.33.jar;C:\Users\Nurlaela Ramadhani\.m2\repository\org\springframework\spring-web\6.2.0\spring-web-6.2.0.jar;C:\Users\Nurlaela Ramadhani\.m2\repository\io\micrometer\micrometer-observation\1.14.1\micrometer-observation-1.14.1.jar;C:\Users\Nurlaela Ramadhani\.m2\repository\io\micrometer\micrometer-commons\1.14.1\micrometer-commons-1.14.1.jar;C:\Users\Nurlaela Ramadhani\.m2\repository\org\springframework\spring-webmvc\6.2.0\spring-webmvc-6.2.0.jar;C:\Users\Nurlaela Ramadhani\.m2\repository\org\springframework\spring-expression\6.2.0\spring-expression-6.2.0.jar;C:\Users\Nurlaela Ramadhani\.m2\repository\org\springframework\boot\spring-boot-devtools\3.4.0\spring-boot-devtools-3.4.0.jar;C:\Users\Nurlaela Ramadhani\.m2\repository\org\springframework\boot\spring-boot\3.4.0\spring-boot-3.4.0.jar;C:\Users\Nurlaela Ramadhani\.m2\repository\org\springframework\boot\spring-boot-autoconfigure\3.4.0\spring-boot-autoconfigure-3.4.0.jar;C:\Users\Nurlaela Ramadhani\.m2\repository\com\mysql\mysql-connector-j\9.1.0\mysql-connector-j-9.1.0.jar;C:\Users\Nurlaela Ramadhani\.m2\repository\jakarta\xml\bind\jakarta.xml.bind-api\4.0.2\jakarta.xml.bind-api-4.0.2.jar;C:\Users\Nurlaela Ramadhani\.m2\repository\jakarta\activation\jakarta.activation-api\2.1.3\jakarta.activation-api-2.1.3.jar;C:\Users\Nurlaela Ramadhani\.m2\repository\org\springframework\spring-core\6.2.0\spring-core-6.2.0.jar;C:\Users\Nurlaela Ramadhani\.m2\repository\org\springframework\spring-jcl\6.2.0\spring-jcl-6.2.0.jar
Launcher Type: SUN_STANDARD

[Global flags]
     intx CICompilerCount                          = 4                                         {product} {ergonomic}
     uint ConcGCThreads                            = 2                                         {product} {ergonomic}
     uint G1ConcRefinementThreads                  = 8                                         {product} {ergonomic}
   size_t G1HeapRegionSize                         = 1048576                                   {product} {ergonomic}
   size_t InitialHeapSize                          = 130023424                                 {product} {ergonomic}
   size_t MarkStackSize                            = 4194304                                   {product} {ergonomic}
   size_t MaxHeapSize                              = 2067791872                                {product} {ergonomic}
   size_t MaxNewSize                               = 1240465408                                {product} {ergonomic}
   size_t MinHeapDeltaBytes                        = 1048576                                   {product} {ergonomic}
   size_t MinHeapSize                              = 8388608                                   {product} {ergonomic}
    uintx NonNMethodCodeHeapSize                   = 5839372                                {pd product} {ergonomic}
    uintx NonProfiledCodeHeapSize                  = 122909434                              {pd product} {ergonomic}
    uintx ProfiledCodeHeapSize                     = 122909434                              {pd product} {ergonomic}
    uintx ReservedCodeCacheSize                    = 251658240                              {pd product} {ergonomic}
     bool SegmentedCodeCache                       = true                                      {product} {ergonomic}
     bool ShowCodeDetailsInExceptionMessages       = true                                   {manageable} {command line}
   size_t SoftMaxHeapSize                          = 2067791872                             {manageable} {ergonomic}
     bool UseCompressedOops                        = true                           {product lp64_product} {ergonomic}
     bool UseG1GC                                  = true                                      {product} {ergonomic}
     bool UseLargePagesIndividualAllocation        = false                                  {pd product} {ergonomic}

Logging:
Log output configuration:
 #0: stdout all=warning uptime,level,tags foldmultilines=false
 #1: stderr all=off uptime,level,tags foldmultilines=false

Environment Variables:
JAVA_HOME=C:\Program Files\Java\jdk-22
PATH=C:/Program Files/Java/jdk-22/bin/server;C:/Program Files/Java/jdk-22/bin;C:/Users/NURLAE~1/AppData/Local/Temp/eoi6010.tmp//plugins/org.eclipse.justj.openjdk.hotspot.jre.minimal.stripped.win32.x86_64_17.0.12.v20240802-1518/jre/bin/server;C:/Users/NURLAE~1/AppData/Local/Temp/eoi6010.tmp//plugins/org.eclipse.justj.openjdk.hotspot.jre.minimal.stripped.win32.x86_64_17.0.12.v20240802-1518/jre/bin;C:\Program Files\Common Files\Oracle\Java\javapath;C:\Windows\system32;C:\Windows;C:\Windows\System32\Wbem;C:\Windows\System32\WindowsPowerShell\v1.0\;C:\Windows\System32\OpenSSH\;C:\Program Files\Java\jdk-23\bin;C:\Users\Nurlaela Ramadhani\.config\herd\bin\nvm;C:\Program Files\nodejs;C:\xampp\php;C:\ProgramData\ComposerSetup\bin;C:\Program Files\Git\cmd;C:\Program Files\Java\jdk-21\bin;C:\Users\Nurlaela Ramadhani\.config\herd\bin;C:\MAVEN\apache-maven-3.9.9\bin;C:\Users\Nurlaela Ramadhani\AppData\Local\Microsoft\WindowsApps;C:\Program Files\maven\apache-maven-3.9.9\bin;C:\Users\Nurlaela Ramadhani\AppData\Local\Programs\Microsoft VS Code\bin;C:\Users\Nurlaela Ramadhani\AppData\Roaming\Composer\vendor\bin;C:\Windows\system32;;C:\Windows\system32;
USERNAME=Nurlaela Ramadhani
OS=Windows_NT
PROCESSOR_IDENTIFIER=Intel64 Family 6 Model 154 Stepping 4, GenuineIntel
TMP=C:\Users\NURLAE~1\AppData\Local\Temp
TEMP=C:\Users\NURLAE~1\AppData\Local\Temp




Periodic native trim disabled

---------------  S Y S T E M  ---------------

OS:
 Windows 11 , 64 bit Build 22621 (10.0.22621.4391)
OS uptime: 2 days 23:21 hours

CPU: total 8 (initial active 8) (4 cores per cpu, 2 threads per core) family 6 model 154 stepping 4 microcode 0x424, cx8, cmov, fxsr, ht, mmx, 3dnowpref, sse, sse2, sse3, ssse3, sse4.1, sse4.2, popcnt, lzcnt, tsc, tscinvbit, avx, avx2, aes, erms, clmul, bmi1, bmi2, adx, sha, fma, vzeroupper, clflush, clflushopt, clwb, serialize, rdtscp, rdpid, fsrm, f16c, pku, cet_ibt, cet_ss
Processor Information for all 8 processors :
  Max Mhz: 1200, Current Mhz: 1200, Mhz Limit: 1200

Memory: 4k page, system-wide physical 7886M (607M free)
TotalPageFile size 15822M (AvailPageFile size 3010M)
current process WorkingSet (physical memory assigned to process): 224M, peak: 323M
current process commit charge ("private bytes"): 263M, peak: 359M

vm_info: Java HotSpot(TM) 64-Bit Server VM (22.0.2+9-70) for windows-amd64 JRE (22.0.2+9-70), built on 2024-06-04T16:52:23Z by "mach5one" with MS VC++ 17.6 (VS2022)

END.
